Log file open, 09/04/19 15:43:59
LogWindows: Failed to load 'aqProf.dll' (GetLastError=126)
LogWindows: File 'aqProf.dll' does not exist
LogWindows: Failed to load 'VtuneApi.dll' (GetLastError=126)
LogWindows: File 'VtuneApi.dll' does not exist
LogWindows: Failed to load 'VtuneApi32e.dll' (GetLastError=126)
LogWindows: File 'VtuneApi32e.dll' does not exist
LogConsoleResponse: Display: Failed to find resolution value strings in scalability ini. Falling back to default.
LogInit: Display: Running engine for game: Frezze
LogPakFile: Registered encryption key '00000000000000000000000000000000': 0 pak files mounted, 0 remain pending
LogPlatformFile: Not using cached read wrapper
LogTaskGraph: Started task graph with 5 named threads and 23 total threads with 3 sets of task threads.
LogStats: Stats thread started at 0.271650
LogD3D11RHI: Loaded GFSDK_Aftermath_Lib.x64.dll
LogICUInternationalization: ICU TimeZone Detection - Raw Offset: +9:00, Platform Override: ''
LogPluginManager: Mounting plugin Paper2D
LogPluginManager: Mounting plugin AISupport
LogPluginManager: Mounting plugin LightPropagationVolume
LogPluginManager: Mounting plugin ActorLayerUtilities
LogPluginManager: Mounting plugin AnimationSharing
LogPluginManager: Mounting plugin CLionSourceCodeAccess
LogPluginManager: Mounting plugin CodeLiteSourceCodeAccess
LogPluginManager: Mounting plugin GitSourceControl
LogPluginManager: Mounting plugin KDevelopSourceCodeAccess
LogPluginManager: Mounting plugin NullSourceCodeAccess
LogPluginManager: Mounting plugin PerforceSourceControl
LogPluginManager: Mounting plugin SubversionSourceControl
LogPluginManager: Mounting plugin UObjectPlugin
LogPluginManager: Mounting plugin VisualStudioCodeSourceCodeAccess
LogPluginManager: Mounting plugin VisualStudioSourceCodeAccess
LogPluginManager: Mounting plugin XCodeSourceCodeAccess
LogPluginManager: Mounting plugin AssetManagerEditor
LogPluginManager: Mounting plugin CryptoKeys
LogPluginManager: Mounting plugin DataValidation
LogPluginManager: Mounting plugin FacialAnimation
LogPluginManager: Mounting plugin GameplayTagsEditor
LogPluginManager: Mounting plugin MacGraphicsSwitching
LogPluginManager: Mounting plugin MaterialAnalyzer
LogPluginManager: Mounting plugin MobileLauncherProfileWizard
LogPluginManager: Mounting plugin PluginBrowser
LogPluginManager: Mounting plugin SpeedTreeImporter
LogPluginManager: Mounting plugin DatasmithContent
LogPluginManager: Mounting plugin VariantManagerContent
LogPluginManager: Mounting plugin AlembicImporter
LogPluginManager: Mounting plugin AppleImageUtils
LogPluginManager: Mounting plugin AppleVision
LogPluginManager: Mounting plugin BackChannel
LogPluginManager: Mounting plugin CharacterAI
LogPluginManager: Mounting plugin GeometryCache
LogPluginManager: Mounting plugin HTML5Networking
LogPluginManager: Mounting plugin ProxyLODPlugin
LogPluginManager: Mounting plugin SkeletalReduction
LogPluginManager: Mounting plugin MagicLeap
LogPluginManager: Mounting plugin MagicLeapMedia
LogPluginManager: Mounting plugin AndroidMedia
LogPluginManager: Mounting plugin AvfMedia
LogPluginManager: Mounting plugin ImgMedia
LogPluginManager: Mounting plugin LinearTimecode
LogPluginManager: Mounting plugin MediaCompositing
LogPluginManager: Mounting plugin MediaPlayerEditor
LogPluginManager: Mounting plugin WebMMedia
LogPluginManager: Mounting plugin WmfMedia
LogPluginManager: Mounting plugin TcpMessaging
LogPluginManager: Mounting plugin UdpMessaging
LogPluginManager: Mounting plugin ActorSequence
LogPluginManager: Mounting plugin LevelSequenceEditor
LogPluginManager: Mounting plugin MatineeToLevelSequence
LogPluginManager: Mounting plugin NetcodeUnitTest
LogPluginManager: Mounting plugin NUTUnrealEngine4
LogPluginManager: Mounting plugin OnlineSubsystemGooglePlay
LogPluginManager: Mounting plugin OnlineSubsystemIOS
LogPluginManager: Mounting plugin OnlineSubsystem
LogPluginManager: Mounting plugin OnlineSubsystemNull
LogPluginManager: Mounting plugin OnlineSubsystemUtils
LogPluginManager: Mounting plugin LauncherChunkInstaller
LogPluginManager: Mounting plugin AndroidDeviceProfileSelector
LogPluginManager: Mounting plugin AndroidMoviePlayer
LogPluginManager: Mounting plugin AndroidPermission
LogPluginManager: Mounting plugin AppleMoviePlayer
LogPluginManager: Mounting plugin ArchVisCharacter
LogPluginManager: Mounting plugin AudioCapture
LogPluginManager: Mounting plugin CableComponent
LogPluginManager: Mounting plugin CustomMeshComponent
LogPluginManager: Mounting plugin EditableMesh
LogPluginManager: Mounting plugin ExampleDeviceProfileSelector
LogPluginManager: Mounting plugin Firebase
LogPluginManager: Mounting plugin GoogleCloudMessaging
LogPluginManager: Mounting plugin IOSDeviceProfileSelector
LogPluginManager: Mounting plugin LinuxDeviceProfileSelector
LogPluginManager: Mounting plugin LocationServicesBPLibrary
LogPluginManager: Mounting plugin MobilePatchingUtils
LogPluginManager: Mounting plugin OculusVR
LogPluginManager: Mounting plugin PhysXVehicles
LogPluginManager: Mounting plugin ProceduralMeshComponent
LogPluginManager: Mounting plugin RuntimePhysXCooking
LogPluginManager: Mounting plugin SignificanceManager
LogPluginManager: Mounting plugin SteamVR
LogPluginManager: Mounting plugin WebMMoviePlayer
LogPluginManager: Mounting plugin WindowsMoviePlayer
LogInit: Using libcurl 7.55.1-DEV
LogInit:  - built for x86_64-pc-win32
LogInit:  - supports SSL with OpenSSL/1.1.1
LogInit:  - supports HTTP deflate (compression) using libz 1.2.8
LogInit:  - other features:
LogInit:      CURL_VERSION_SSL
LogInit:      CURL_VERSION_LIBZ
LogInit:      CURL_VERSION_IPV6
LogInit:      CURL_VERSION_ASYNCHDNS
LogInit:      CURL_VERSION_LARGEFILE
LogInit:      CURL_VERSION_IDN
LogInit:  CurlRequestOptions (configurable via config and command line):
LogInit:  - bVerifyPeer = true  - Libcurl will verify peer certificate
LogInit:  - bUseHttpProxy = false  - Libcurl will NOT use HTTP proxy
LogInit:  - bDontReuseConnections = false  - Libcurl will reuse connections
LogInit:  - MaxHostConnections = 16  - Libcurl will limit the number of connections to a host
LogInit:  - LocalHostAddr = Default
LogInit:  - BufferSize = 65536
LogInit: WinSock: version 1.1 (2.2), MaxSocks=32767, MaxUdp=65467
LogInit: Build: ++UE4+Release-4.22-CL-7053642
LogInit: Engine Version: 4.22.3-7053642+++UE4+Release-4.22
LogInit: Compatible Engine Version: 4.22.0-5660361+++UE4+Release-4.22
LogInit: Net CL: 5660361
LogInit: OS: Windows 10 (Release 1803) (), CPU: Intel(R) Core(TM) i7-7700K CPU @ 4.20GHz, GPU: NVIDIA GeForce GTX 1080
LogInit: Compiled (64-bit): Jun 18 2019 03:09:11
LogInit: Compiled with Visual C++: 19.16.27025.01
LogInit: Build Configuration: Development
LogInit: Branch Name: ++UE4+Release-4.22
LogInit: Command Line: 
LogInit: Base Directory: D:/UE_4.22/UE_4.22/Engine/Binaries/Win64/
LogInit: Installed Engine Build: 1
LogDevObjectVersion: Number of dev versions registered: 23
LogDevObjectVersion:   Dev-Blueprints (B0D832E4-1F89-4F0D-ACCF-7EB736FD4AA2): 10
LogDevObjectVersion:   Dev-Build (E1C64328-A22C-4D53-A36C-8E866417BD8C): 0
LogDevObjectVersion:   Dev-Core (375EC13C-06E4-48FB-B500-84F0262A717E): 3
LogDevObjectVersion:   Dev-Editor (E4B068ED-F494-42E9-A231-DA0B2E46BB41): 30
LogDevObjectVersion:   Dev-Framework (CFFC743F-43B0-4480-9391-14DF171D2073): 35
LogDevObjectVersion:   Dev-Mobile (B02B49B5-BB20-44E9-A304-32B752E40360): 2
LogDevObjectVersion:   Dev-Networking (A4E4105C-59A1-49B5-A7C5-40C4547EDFEE): 0
LogDevObjectVersion:   Dev-Online (39C831C9-5AE6-47DC-9A44-9C173E1C8E7C): 0
LogDevObjectVersion:   Dev-Physics (78F01B33-EBEA-4F98-B9B4-84EACCB95AA2): 0
LogDevObjectVersion:   Dev-Platform (6631380F-2D4D-43E0-8009-CF276956A95A): 0
LogDevObjectVersion:   Dev-Rendering (12F88B9F-8875-4AFC-A67C-D90C383ABD29): 28
LogDevObjectVersion:   Dev-Sequencer (7B5AE74C-D270-4C10-A958-57980B212A5A): 11
LogDevObjectVersion:   Dev-VR (D7296918-1DD6-4BDD-9DE2-64A83CC13884): 2
LogDevObjectVersion:   Dev-LoadTimes (C2A15278-BFE7-4AFE-6C17-90FF531DF755): 1
LogDevObjectVersion:   Private-Geometry (6EACA3D4-40EC-4CC1-B786-8BED09428FC5): 3
LogDevObjectVersion:   Dev-AnimPhys (29E575DD-E0A3-4627-9D10-D276232CDCEA): 17
LogDevObjectVersion:   Dev-Anim (AF43A65D-7FD3-4947-9873-3E8ED9C1BB05): 2
LogDevObjectVersion:   Dev-ReflectionCapture (6B266CEC-1EC7-4B8F-A30B-E4D90942FC07): 1
LogDevObjectVersion:   Dev-Automation (0DF73D61-A23F-47EA-B727-89E90C41499A): 1
LogDevObjectVersion:   FortniteMain (601D1886-AC64-4F84-AA16-D3DE0DEAC7D6): 25
LogDevObjectVersion:   Dev-Enterprise (9DFFBCD6-494F-0158-E221-12823C92A888): 6
LogDevObjectVersion:   Dev-Niagara (F2AED0AC-9AFE-416F-8664-AA7FFA26D6FC): 1
LogDevObjectVersion:   Dev-Destruction (174F1F0B-B4C6-45A5-B13F-2EE8D0FB917D): 2
LogInit: Presizing for max 16777216 objects, including 0 objects not considered by GC, pre-allocating 0 bytes for permanent pool.
LogInit: Object subsystem initialized
LogConfig: Setting CVar [[con.DebugEarlyDefault:1]]
LogConfig: Setting CVar [[r.setres:1280x720]]
[2019.09.04-06.44.00:247][  0]LogConfig: Setting CVar [[r.VSync:0]]
[2019.09.04-06.44.00:247][  0]LogConfig: Setting CVar [[r.RHICmdBypass:0]]
[2019.09.04-06.44.00:247][  0]LogConfig: Applying CVar settings from Section [/Script/Engine.RendererSettings] File [D:/UE_Projects/PuchiContest/Freeze/Saved/Config/Windows/Engine.ini]
[2019.09.04-06.44.00:247][  0]LogConfig: Setting CVar [[r.GPUCrashDebugging:0]]
[2019.09.04-06.44.00:247][  0]LogConfig: Applying CVar settings from Section [/Script/Engine.RendererOverrideSettings] File [D:/UE_Projects/PuchiContest/Freeze/Saved/Config/Windows/Engine.ini]
[2019.09.04-06.44.00:247][  0]LogConfig: Applying CVar settings from Section [/Script/Engine.StreamingSettings] File [D:/UE_Projects/PuchiContest/Freeze/Saved/Config/Windows/Engine.ini]
[2019.09.04-06.44.00:247][  0]LogConfig: Setting CVar [[s.MinBulkDataSizeForAsyncLoading:131072]]
[2019.09.04-06.44.00:247][  0]LogConfig: Setting CVar [[s.AsyncLoadingThreadEnabled:0]]
[2019.09.04-06.44.00:247][  0]LogConfig: Setting CVar [[s.EventDrivenLoaderEnabled:1]]
[2019.09.04-06.44.00:247][  0]LogConfig: Setting CVar [[s.WarnIfTimeLimitExceeded:0]]
[2019.09.04-06.44.00:247][  0]LogConfig: Setting CVar [[s.TimeLimitExceededMultiplier:1.5]]
[2019.09.04-06.44.00:247][  0]LogConfig: Setting CVar [[s.TimeLimitExceededMinTime:0.005]]
[2019.09.04-06.44.00:247][  0]LogConfig: Setting CVar [[s.UseBackgroundLevelStreaming:1]]
[2019.09.04-06.44.00:247][  0]LogConfig: Setting CVar [[s.PriorityAsyncLoadingExtraTime:15.0]]
[2019.09.04-06.44.00:247][  0]LogConfig: Setting CVar [[s.LevelStreamingActorsUpdateTimeLimit:5.0]]
[2019.09.04-06.44.00:247][  0]LogConfig: Setting CVar [[s.PriorityLevelStreamingActorsUpdateExtraTime:5.0]]
[2019.09.04-06.44.00:247][  0]LogConfig: Setting CVar [[s.LevelStreamingComponentsRegistrationGranularity:10]]
[2019.09.04-06.44.00:247][  0]LogConfig: Setting CVar [[s.UnregisterComponentsTimeLimit:1.0]]
[2019.09.04-06.44.00:247][  0]LogConfig: Setting CVar [[s.LevelStreamingComponentsUnregistrationGranularity:5]]
[2019.09.04-06.44.00:247][  0]LogConfig: Applying CVar settings from Section [/Script/Engine.GarbageCollectionSettings] File [D:/UE_Projects/PuchiContest/Freeze/Saved/Config/Windows/Engine.ini]
[2019.09.04-06.44.00:247][  0]LogConfig: Setting CVar [[gc.MaxObjectsNotConsideredByGC:1]]
[2019.09.04-06.44.00:247][  0]LogConfig: Setting CVar [[gc.SizeOfPermanentObjectPool:0]]
[2019.09.04-06.44.00:247][  0]LogConfig: Setting CVar [[gc.FlushStreamingOnGC:0]]
[2019.09.04-06.44.00:247][  0]LogConfig: Setting CVar [[gc.NumRetriesBeforeForcingGC:10]]
[2019.09.04-06.44.00:247][  0]LogConfig: Setting CVar [[gc.AllowParallelGC:1]]
[2019.09.04-06.44.00:247][  0]LogConfig: Setting CVar [[gc.TimeBetweenPurgingPendingKillObjects:61.1]]
[2019.09.04-06.44.00:247][  0]LogConfig: Setting CVar [[gc.MaxObjectsInEditor:16777216]]
[2019.09.04-06.44.00:247][  0]LogConfig: Setting CVar [[gc.IncrementalBeginDestroyEnabled:1]]
[2019.09.04-06.44.00:247][  0]LogConfig: Setting CVar [[gc.CreateGCClusters:1]]
[2019.09.04-06.44.00:247][  0]LogConfig: Setting CVar [[gc.MinGCClusterSize:5]]
[2019.09.04-06.44.00:248][  0]LogConfig: Setting CVar [[gc.ActorClusteringEnabled:0]]
[2019.09.04-06.44.00:248][  0]LogConfig: Setting CVar [[gc.BlueprintClusteringEnabled:0]]
[2019.09.04-06.44.00:248][  0]LogConfig: Setting CVar [[gc.UseDisregardForGCOnDedicatedServers:0]]
[2019.09.04-06.44.00:248][  0]LogConfig: Applying CVar settings from Section [/Script/Engine.NetworkSettings] File [D:/UE_Projects/PuchiContest/Freeze/Saved/Config/Windows/Engine.ini]
[2019.09.04-06.44.00:248][  0]LogConfig: Applying CVar settings from Section [/Script/UnrealEd.CookerSettings] File [D:/UE_Projects/PuchiContest/Freeze/Saved/Config/Windows/Engine.ini]
[2019.09.04-06.44.00:252][  0]LogConfig: Applying CVar settings from Section [ViewDistanceQuality@3] File [D:/UE_Projects/PuchiContest/Freeze/Saved/Config/Windows/Scalability.ini]
[2019.09.04-06.44.00:252][  0]LogConfig: Setting CVar [[r.SkeletalMeshLODBias:0]]
[2019.09.04-06.44.00:252][  0]LogConfig: Setting CVar [[r.ViewDistanceScale:1.0]]
[2019.09.04-06.44.00:252][  0]LogConfig: Applying CVar settings from Section [AntiAliasingQuality@3] File [D:/UE_Projects/PuchiContest/Freeze/Saved/Config/Windows/Scalability.ini]
[2019.09.04-06.44.00:252][  0]LogConfig: Setting CVar [[r.PostProcessAAQuality:4]]
[2019.09.04-06.44.00:252][  0]LogConfig: Applying CVar settings from Section [ShadowQuality@3] File [D:/UE_Projects/PuchiContest/Freeze/Saved/Config/Windows/Scalability.ini]
[2019.09.04-06.44.00:252][  0]LogConfig: Setting CVar [[r.LightFunctionQuality:1]]
[2019.09.04-06.44.00:252][  0]LogConfig: Setting CVar [[r.ShadowQuality:5]]
[2019.09.04-06.44.00:252][  0]LogConfig: Setting CVar [[r.Shadow.CSM.MaxCascades:10]]
[2019.09.04-06.44.00:252][  0]LogConfig: Setting CVar [[r.Shadow.MaxResolution:2048]]
[2019.09.04-06.44.00:252][  0]LogConfig: Setting CVar [[r.Shadow.MaxCSMResolution:2048]]
[2019.09.04-06.44.00:252][  0]LogConfig: Setting CVar [[r.Shadow.RadiusThreshold:0.01]]
[2019.09.04-06.44.00:252][  0]LogConfig: Setting CVar [[r.Shadow.DistanceScale:1.0]]
[2019.09.04-06.44.00:252][  0]LogConfig: Setting CVar [[r.Shadow.CSM.TransitionScale:1.0]]
[2019.09.04-06.44.00:252][  0]LogConfig: Setting CVar [[r.Shadow.PreShadowResolutionFactor:1.0]]
[2019.09.04-06.44.00:252][  0]LogConfig: Setting CVar [[r.DistanceFieldShadowing:1]]
[2019.09.04-06.44.00:252][  0]LogConfig: Setting CVar [[r.DistanceFieldAO:1]]
[2019.09.04-06.44.00:252][  0]LogConfig: Setting CVar [[r.AOQuality:2]]
[2019.09.04-06.44.00:252][  0]LogConfig: Setting CVar [[r.VolumetricFog:1]]
[2019.09.04-06.44.00:252][  0]LogConfig: Setting CVar [[r.VolumetricFog.GridPixelSize:8]]
[2019.09.04-06.44.00:252][  0]LogConfig: Setting CVar [[r.VolumetricFog.GridSizeZ:128]]
[2019.09.04-06.44.00:252][  0]LogConfig: Setting CVar [[r.VolumetricFog.HistoryMissSupersampleCount:4]]
[2019.09.04-06.44.00:252][  0]LogConfig: Setting CVar [[r.LightMaxDrawDistanceScale:1]]
[2019.09.04-06.44.00:252][  0]LogConfig: Setting CVar [[r.CapsuleShadows:1]]
[2019.09.04-06.44.00:252][  0]LogConfig: Applying CVar settings from Section [PostProcessQuality@3] File [D:/UE_Projects/PuchiContest/Freeze/Saved/Config/Windows/Scalability.ini]
[2019.09.04-06.44.00:252][  0]LogConfig: Setting CVar [[r.MotionBlurQuality:4]]
[2019.09.04-06.44.00:252][  0]LogConfig: Setting CVar [[r.AmbientOcclusionMipLevelFactor:0.4]]
[2019.09.04-06.44.00:252][  0]LogConfig: Setting CVar [[r.AmbientOcclusionMaxQuality:100]]
[2019.09.04-06.44.00:252][  0]LogConfig: Setting CVar [[r.AmbientOcclusionLevels:-1]]
[2019.09.04-06.44.00:252][  0]LogConfig: Setting CVar [[r.AmbientOcclusionRadiusScale:1.0]]
[2019.09.04-06.44.00:252][  0]LogConfig: Setting CVar [[r.DepthOfFieldQuality:2]]
[2019.09.04-06.44.00:252][  0]LogConfig: Setting CVar [[r.RenderTargetPoolMin:400]]
[2019.09.04-06.44.00:252][  0]LogConfig: Setting CVar [[r.LensFlareQuality:2]]
[2019.09.04-06.44.00:252][  0]LogConfig: Setting CVar [[r.SceneColorFringeQuality:1]]
[2019.09.04-06.44.00:252][  0]LogConfig: Setting CVar [[r.EyeAdaptationQuality:2]]
[2019.09.04-06.44.00:252][  0]LogConfig: Setting CVar [[r.BloomQuality:5]]
[2019.09.04-06.44.00:252][  0]LogConfig: Setting CVar [[r.FastBlurThreshold:100]]
[2019.09.04-06.44.00:252][  0]LogConfig: Setting CVar [[r.Upscale.Quality:3]]
[2019.09.04-06.44.00:252][  0]LogConfig: Setting CVar [[r.Tonemapper.GrainQuantization:1]]
[2019.09.04-06.44.00:252][  0]LogConfig: Setting CVar [[r.LightShaftQuality:1]]
[2019.09.04-06.44.00:253][  0]LogConfig: Setting CVar [[r.Filter.SizeScale:1]]
[2019.09.04-06.44.00:253][  0]LogConfig: Setting CVar [[r.Tonemapper.Quality:5]]
[2019.09.04-06.44.00:253][  0]LogConfig: Setting CVar [[r.DOF.Gather.AccumulatorQuality:1        ; higher gathering accumulator quality]]
[2019.09.04-06.44.00:253][  0]LogConfig: Setting CVar [[r.DOF.Gather.PostfilterMethod:1          ; Median3x3 postfilering method]]
[2019.09.04-06.44.00:253][  0]LogConfig: Setting CVar [[r.DOF.Gather.EnableBokehSettings:0       ; no bokeh simulation when gathering]]
[2019.09.04-06.44.00:253][  0]LogConfig: Setting CVar [[r.DOF.Gather.RingCount:4                 ; medium number of samples when gathering]]
[2019.09.04-06.44.00:253][  0]LogConfig: Setting CVar [[r.DOF.Scatter.ForegroundCompositing:1    ; additive foreground scattering]]
[2019.09.04-06.44.00:253][  0]LogConfig: Setting CVar [[r.DOF.Scatter.BackgroundCompositing:2    ; additive background scattering]]
[2019.09.04-06.44.00:253][  0]LogConfig: Setting CVar [[r.DOF.Scatter.EnableBokehSettings:1      ; bokeh simulation when scattering]]
[2019.09.04-06.44.00:253][  0]LogConfig: Setting CVar [[r.DOF.Scatter.MaxSpriteRatio:0.1         ; only a maximum of 10% of scattered bokeh]]
[2019.09.04-06.44.00:253][  0]LogConfig: Setting CVar [[r.DOF.Recombine.Quality:1                ; cheap slight out of focus]]
[2019.09.04-06.44.00:253][  0]LogConfig: Setting CVar [[r.DOF.Recombine.EnableBokehSettings:0    ; no bokeh simulation on slight out of focus]]
[2019.09.04-06.44.00:253][  0]LogConfig: Setting CVar [[r.DOF.TemporalAAQuality:1                ; more stable temporal accumulation]]
[2019.09.04-06.44.00:253][  0]LogConfig: Setting CVar [[r.DOF.Kernel.MaxForegroundRadius:0.025]]
[2019.09.04-06.44.00:253][  0]LogConfig: Setting CVar [[r.DOF.Kernel.MaxBackgroundRadius:0.025]]
[2019.09.04-06.44.00:253][  0]LogConfig: Applying CVar settings from Section [TextureQuality@3] File [D:/UE_Projects/PuchiContest/Freeze/Saved/Config/Windows/Scalability.ini]
[2019.09.04-06.44.00:253][  0]LogConfig: Setting CVar [[r.Streaming.MipBias:0]]
[2019.09.04-06.44.00:253][  0]LogConfig: Setting CVar [[r.Streaming.AmortizeCPUToGPUCopy:0]]
[2019.09.04-06.44.00:253][  0]LogConfig: Setting CVar [[r.Streaming.MaxNumTexturesToStreamPerFrame:0]]
[2019.09.04-06.44.00:253][  0]LogConfig: Setting CVar [[r.Streaming.Boost:1]]
[2019.09.04-06.44.00:253][  0]LogConfig: Setting CVar [[r.MaxAnisotropy:8]]
[2019.09.04-06.44.00:253][  0]LogConfig: Setting CVar [[r.Streaming.LimitPoolSizeToVRAM:0]]
[2019.09.04-06.44.00:253][  0]LogConfig: Setting CVar [[r.Streaming.PoolSize:1000]]
[2019.09.04-06.44.00:253][  0]LogConfig: Setting CVar [[r.Streaming.MaxEffectiveScreenSize:0]]
[2019.09.04-06.44.00:253][  0]LogConfig: Applying CVar settings from Section [EffectsQuality@3] File [D:/UE_Projects/PuchiContest/Freeze/Saved/Config/Windows/Scalability.ini]
[2019.09.04-06.44.00:253][  0]LogConfig: Setting CVar [[r.TranslucencyLightingVolumeDim:64]]
[2019.09.04-06.44.00:253][  0]LogConfig: Setting CVar [[r.RefractionQuality:2]]
[2019.09.04-06.44.00:253][  0]LogConfig: Setting CVar [[r.SSR.Quality:3]]
[2019.09.04-06.44.00:253][  0]LogConfig: Setting CVar [[r.SceneColorFormat:4]]
[2019.09.04-06.44.00:253][  0]LogConfig: Setting CVar [[r.DetailMode:2]]
[2019.09.04-06.44.00:253][  0]LogConfig: Setting CVar [[r.TranslucencyVolumeBlur:1]]
[2019.09.04-06.44.00:253][  0]LogConfig: Setting CVar [[r.MaterialQualityLevel:1 ; High quality]]
[2019.09.04-06.44.00:253][  0]LogConfig: Setting CVar [[r.SSS.Scale:1]]
[2019.09.04-06.44.00:253][  0]LogConfig: Setting CVar [[r.SSS.SampleSet:2]]
[2019.09.04-06.44.00:253][  0]LogConfig: Setting CVar [[r.SSS.Quality:1]]
[2019.09.04-06.44.00:253][  0]LogConfig: Setting CVar [[r.SSS.HalfRes:1]]
[2019.09.04-06.44.00:253][  0]LogConfig: Setting CVar [[r.EmitterSpawnRateScale:1.0]]
[2019.09.04-06.44.00:254][  0]LogConfig: Setting CVar [[r.ParticleLightQuality:2]]
[2019.09.04-06.44.00:254][  0]LogConfig: Applying CVar settings from Section [FoliageQuality@3] File [D:/UE_Projects/PuchiContest/Freeze/Saved/Config/Windows/Scalability.ini]
[2019.09.04-06.44.00:254][  0]LogConfig: Setting CVar [[foliage.DensityScale:1.0]]
[2019.09.04-06.44.00:254][  0]LogConfig: Setting CVar [[grass.DensityScale:1.0]]
[2019.09.04-06.44.00:254][  0]LogInit: Selected Device Profile: [Windows]
[2019.09.04-06.44.00:254][  0]LogInit: Applying CVar settings loaded from the selected device profile: [Windows]
[2019.09.04-06.44.00:292][  0]LogHAL: Display: Platform has ~ 32 GB [34292334592 / 34359738368 / 32], which maps to Largest [LargestMinGB=32, LargerMinGB=12, DefaultMinGB=8, SmallerMinGB=6, SmallestMinGB=0)
[2019.09.04-06.44.00:292][  0]LogConfig: Setting CVar [[r.Vulkan.UseRealUBs:0		; Required until we fix HLR fall-out]]
[2019.09.04-06.44.00:292][  0]LogInit: Going up to parent DeviceProfile []
[2019.09.04-06.44.00:292][  0]LogConfig: Applying CVar settings from Section [ViewDistanceQuality@3] File [D:/UE_Projects/PuchiContest/Freeze/Saved/Config/Windows/Scalability.ini]
[2019.09.04-06.44.00:292][  0]LogConfig: Setting CVar [[r.SkeletalMeshLODBias:0]]
[2019.09.04-06.44.00:292][  0]LogConfig: Setting CVar [[r.ViewDistanceScale:1.0]]
[2019.09.04-06.44.00:292][  0]LogConfig: Applying CVar settings from Section [AntiAliasingQuality@3] File [D:/UE_Projects/PuchiContest/Freeze/Saved/Config/Windows/Scalability.ini]
[2019.09.04-06.44.00:292][  0]LogConfig: Setting CVar [[r.PostProcessAAQuality:4]]
[2019.09.04-06.44.00:292][  0]LogConfig: Applying CVar settings from Section [ShadowQuality@3] File [D:/UE_Projects/PuchiContest/Freeze/Saved/Config/Windows/Scalability.ini]
[2019.09.04-06.44.00:292][  0]LogConfig: Setting CVar [[r.LightFunctionQuality:1]]
[2019.09.04-06.44.00:292][  0]LogConfig: Setting CVar [[r.ShadowQuality:5]]
[2019.09.04-06.44.00:292][  0]LogConfig: Setting CVar [[r.Shadow.CSM.MaxCascades:10]]
[2019.09.04-06.44.00:292][  0]LogConfig: Setting CVar [[r.Shadow.MaxResolution:2048]]
[2019.09.04-06.44.00:292][  0]LogConfig: Setting CVar [[r.Shadow.MaxCSMResolution:2048]]
[2019.09.04-06.44.00:292][  0]LogConfig: Setting CVar [[r.Shadow.RadiusThreshold:0.01]]
[2019.09.04-06.44.00:292][  0]LogConfig: Setting CVar [[r.Shadow.DistanceScale:1.0]]
[2019.09.04-06.44.00:292][  0]LogConfig: Setting CVar [[r.Shadow.CSM.TransitionScale:1.0]]
[2019.09.04-06.44.00:292][  0]LogConfig: Setting CVar [[r.Shadow.PreShadowResolutionFactor:1.0]]
[2019.09.04-06.44.00:292][  0]LogConfig: Setting CVar [[r.DistanceFieldShadowing:1]]
[2019.09.04-06.44.00:292][  0]LogConfig: Setting CVar [[r.DistanceFieldAO:1]]
[2019.09.04-06.44.00:292][  0]LogConfig: Setting CVar [[r.AOQuality:2]]
[2019.09.04-06.44.00:292][  0]LogConfig: Setting CVar [[r.VolumetricFog:1]]
[2019.09.04-06.44.00:292][  0]LogConfig: Setting CVar [[r.VolumetricFog.GridPixelSize:8]]
[2019.09.04-06.44.00:292][  0]LogConfig: Setting CVar [[r.VolumetricFog.GridSizeZ:128]]
[2019.09.04-06.44.00:293][  0]LogConfig: Setting CVar [[r.VolumetricFog.HistoryMissSupersampleCount:4]]
[2019.09.04-06.44.00:293][  0]LogConfig: Setting CVar [[r.LightMaxDrawDistanceScale:1]]
[2019.09.04-06.44.00:293][  0]LogConfig: Setting CVar [[r.CapsuleShadows:1]]
[2019.09.04-06.44.00:293][  0]LogConfig: Applying CVar settings from Section [PostProcessQuality@3] File [D:/UE_Projects/PuchiContest/Freeze/Saved/Config/Windows/Scalability.ini]
[2019.09.04-06.44.00:293][  0]LogConfig: Setting CVar [[r.MotionBlurQuality:4]]
[2019.09.04-06.44.00:293][  0]LogConfig: Setting CVar [[r.AmbientOcclusionMipLevelFactor:0.4]]
[2019.09.04-06.44.00:293][  0]LogConfig: Setting CVar [[r.AmbientOcclusionMaxQuality:100]]
[2019.09.04-06.44.00:293][  0]LogConfig: Setting CVar [[r.AmbientOcclusionLevels:-1]]
[2019.09.04-06.44.00:293][  0]LogConfig: Setting CVar [[r.AmbientOcclusionRadiusScale:1.0]]
[2019.09.04-06.44.00:293][  0]LogConfig: Setting CVar [[r.DepthOfFieldQuality:2]]
[2019.09.04-06.44.00:293][  0]LogConfig: Setting CVar [[r.RenderTargetPoolMin:400]]
[2019.09.04-06.44.00:293][  0]LogConfig: Setting CVar [[r.LensFlareQuality:2]]
[2019.09.04-06.44.00:293][  0]LogConfig: Setting CVar [[r.SceneColorFringeQuality:1]]
[2019.09.04-06.44.00:293][  0]LogConfig: Setting CVar [[r.EyeAdaptationQuality:2]]
[2019.09.04-06.44.00:293][  0]LogConfig: Setting CVar [[r.BloomQuality:5]]
[2019.09.04-06.44.00:293][  0]LogConfig: Setting CVar [[r.FastBlurThreshold:100]]
[2019.09.04-06.44.00:293][  0]LogConfig: Setting CVar [[r.Upscale.Quality:3]]
[2019.09.04-06.44.00:293][  0]LogConfig: Setting CVar [[r.Tonemapper.GrainQuantization:1]]
[2019.09.04-06.44.00:293][  0]LogConfig: Setting CVar [[r.LightShaftQuality:1]]
[2019.09.04-06.44.00:293][  0]LogConfig: Setting CVar [[r.Filter.SizeScale:1]]
[2019.09.04-06.44.00:293][  0]LogConfig: Setting CVar [[r.Tonemapper.Quality:5]]
[2019.09.04-06.44.00:293][  0]LogConfig: Setting CVar [[r.DOF.Gather.AccumulatorQuality:1        ; higher gathering accumulator quality]]
[2019.09.04-06.44.00:293][  0]LogConfig: Setting CVar [[r.DOF.Gather.PostfilterMethod:1          ; Median3x3 postfilering method]]
[2019.09.04-06.44.00:293][  0]LogConfig: Setting CVar [[r.DOF.Gather.EnableBokehSettings:0       ; no bokeh simulation when gathering]]
[2019.09.04-06.44.00:293][  0]LogConfig: Setting CVar [[r.DOF.Gather.RingCount:4                 ; medium number of samples when gathering]]
[2019.09.04-06.44.00:293][  0]LogConfig: Setting CVar [[r.DOF.Scatter.ForegroundCompositing:1    ; additive foreground scattering]]
[2019.09.04-06.44.00:293][  0]LogConfig: Setting CVar [[r.DOF.Scatter.BackgroundCompositing:2    ; additive background scattering]]
[2019.09.04-06.44.00:293][  0]LogConfig: Setting CVar [[r.DOF.Scatter.EnableBokehSettings:1      ; bokeh simulation when scattering]]
[2019.09.04-06.44.00:293][  0]LogConfig: Setting CVar [[r.DOF.Scatter.MaxSpriteRatio:0.1         ; only a maximum of 10% of scattered bokeh]]
[2019.09.04-06.44.00:293][  0]LogConfig: Setting CVar [[r.DOF.Recombine.Quality:1                ; cheap slight out of focus]]
[2019.09.04-06.44.00:293][  0]LogConfig: Setting CVar [[r.DOF.Recombine.EnableBokehSettings:0    ; no bokeh simulation on slight out of focus]]
[2019.09.04-06.44.00:293][  0]LogConfig: Setting CVar [[r.DOF.TemporalAAQuality:1                ; more stable temporal accumulation]]
[2019.09.04-06.44.00:293][  0]LogConfig: Setting CVar [[r.DOF.Kernel.MaxForegroundRadius:0.025]]
[2019.09.04-06.44.00:293][  0]LogConfig: Setting CVar [[r.DOF.Kernel.MaxBackgroundRadius:0.025]]
[2019.09.04-06.44.00:293][  0]LogConfig: Applying CVar settings from Section [TextureQuality@3] File [D:/UE_Projects/PuchiContest/Freeze/Saved/Config/Windows/Scalability.ini]
[2019.09.04-06.44.00:294][  0]LogConfig: Setting CVar [[r.Streaming.MipBias:0]]
[2019.09.04-06.44.00:294][  0]LogConfig: Setting CVar [[r.Streaming.AmortizeCPUToGPUCopy:0]]
[2019.09.04-06.44.00:294][  0]LogConfig: Setting CVar [[r.Streaming.MaxNumTexturesToStreamPerFrame:0]]
[2019.09.04-06.44.00:294][  0]LogConfig: Setting CVar [[r.Streaming.Boost:1]]
[2019.09.04-06.44.00:294][  0]LogConfig: Setting CVar [[r.MaxAnisotropy:8]]
[2019.09.04-06.44.00:294][  0]LogConfig: Setting CVar [[r.Streaming.LimitPoolSizeToVRAM:0]]
[2019.09.04-06.44.00:294][  0]LogConfig: Setting CVar [[r.Streaming.PoolSize:1000]]
[2019.09.04-06.44.00:294][  0]LogConfig: Setting CVar [[r.Streaming.MaxEffectiveScreenSize:0]]
[2019.09.04-06.44.00:294][  0]LogConfig: Applying CVar settings from Section [EffectsQuality@3] File [D:/UE_Projects/PuchiContest/Freeze/Saved/Config/Windows/Scalability.ini]
[2019.09.04-06.44.00:294][  0]LogConfig: Setting CVar [[r.TranslucencyLightingVolumeDim:64]]
[2019.09.04-06.44.00:294][  0]LogConfig: Setting CVar [[r.RefractionQuality:2]]
[2019.09.04-06.44.00:294][  0]LogConfig: Setting CVar [[r.SSR.Quality:3]]
[2019.09.04-06.44.00:294][  0]LogConfig: Setting CVar [[r.SceneColorFormat:4]]
[2019.09.04-06.44.00:294][  0]LogConfig: Setting CVar [[r.DetailMode:2]]
[2019.09.04-06.44.00:294][  0]LogConfig: Setting CVar [[r.TranslucencyVolumeBlur:1]]
[2019.09.04-06.44.00:294][  0]LogConfig: Setting CVar [[r.MaterialQualityLevel:1 ; High quality]]
[2019.09.04-06.44.00:294][  0]LogConfig: Setting CVar [[r.SSS.Scale:1]]
[2019.09.04-06.44.00:294][  0]LogConfig: Setting CVar [[r.SSS.SampleSet:2]]
[2019.09.04-06.44.00:294][  0]LogConfig: Setting CVar [[r.SSS.Quality:1]]
[2019.09.04-06.44.00:294][  0]LogConfig: Setting CVar [[r.SSS.HalfRes:1]]
[2019.09.04-06.44.00:294][  0]LogConfig: Setting CVar [[r.EmitterSpawnRateScale:1.0]]
[2019.09.04-06.44.00:294][  0]LogConfig: Setting CVar [[r.ParticleLightQuality:2]]
[2019.09.04-06.44.00:294][  0]LogConfig: Applying CVar settings from Section [FoliageQuality@3] File [D:/UE_Projects/PuchiContest/Freeze/Saved/Config/Windows/Scalability.ini]
[2019.09.04-06.44.00:294][  0]LogConfig: Setting CVar [[foliage.DensityScale:1.0]]
[2019.09.04-06.44.00:294][  0]LogConfig: Setting CVar [[grass.DensityScale:1.0]]
[2019.09.04-06.44.00:294][  0]LogConfig: Applying CVar settings from Section [Startup] File [../../../Engine/Config/ConsoleVariables.ini]
[2019.09.04-06.44.00:300][  0]LogConfig: Setting CVar [[net.UseAdaptiveNetUpdateFrequency:0]]
[2019.09.04-06.44.00:300][  0]LogConfig: Setting CVar [[p.chaos.AllowCreatePhysxBodies:1]]
[2019.09.04-06.44.00:300][  0]LogConfig: Applying CVar settings from Section [ConsoleVariables] File [D:/UE_Projects/PuchiContest/Freeze/Saved/Config/Windows/Engine.ini]
[2019.09.04-06.44.00:300][  0]LogInit: Computer: F53PC10
[2019.09.04-06.44.00:300][  0]LogInit: User: s172091
[2019.09.04-06.44.00:300][  0]LogInit: CPU Page size=4096, Cores=4
[2019.09.04-06.44.00:300][  0]LogInit: High frequency timer resolution =4.101560 MHz
[2019.09.04-06.44.00:301][  0]LogMemory: Memory total: Physical=31.9GB (32GB approx)
[2019.09.04-06.44.00:301][  0]LogMemory: Platform Memory Stats for Windows
[2019.09.04-06.44.00:301][  0]LogMemory: Process Physical Memory: 97.21 MB used, 97.21 MB peak
[2019.09.04-06.44.00:301][  0]LogMemory: Process Virtual Memory: 92.61 MB used, 92.61 MB peak
[2019.09.04-06.44.00:301][  0]LogMemory: Physical Memory: 7705.91 MB used,  24997.81 MB free, 32703.72 MB total
[2019.09.04-06.44.00:301][  0]LogMemory: Virtual Memory: 4662.85 MB used,  134213064.00 MB free, 134217728.00 MB total
[2019.09.04-06.44.00:345][  0]LogInit: Using OS detected language (ja-JP).
[2019.09.04-06.44.00:345][  0]LogInit: Using OS detected locale (ja-JP).
[2019.09.04-06.44.00:346][  0]LogTextLocalizationManager: No specific localization for 'ja-JP' exists, so the 'ja' localization will be used.
[2019.09.04-06.44.00:411][  0]LogInit: Setting process to per monitor DPI aware
[2019.09.04-06.44.00:445][  0]LogSlate: New Slate User Created.  User Index 0, Is Virtual User: 0
[2019.09.04-06.44.00:445][  0]LogSlate: Slate User Registered.  User Index 0, Is Virtual User: 0
[2019.09.04-06.44.01:222][  0]LogHMD: Failed to initialize OpenVR with code 110
[2019.09.04-06.44.01:222][  0]LogD3D11RHI: D3D11 adapters:
[2019.09.04-06.44.01:289][  0]LogD3D11RHI:    0. 'NVIDIA GeForce GTX 1080' (Feature Level 11_0)
[2019.09.04-06.44.01:289][  0]LogD3D11RHI:       8079/0/16351 MB DedicatedVideo/DedicatedSystem/SharedSystem, Outputs:1, VendorId:0x10de
[2019.09.04-06.44.01:292][  0]LogD3D11RHI:    1. 'Microsoft Basic Render Driver' (Feature Level 11_0)
[2019.09.04-06.44.01:292][  0]LogD3D11RHI:       0/0/16351 MB DedicatedVideo/DedicatedSystem/SharedSystem, Outputs:0, VendorId:0x1414
[2019.09.04-06.44.01:292][  0]LogD3D11RHI: Chosen D3D11 Adapter: 0
[2019.09.04-06.44.01:298][  0]LogD3D11RHI: Creating new Direct3DDevice
[2019.09.04-06.44.01:298][  0]LogD3D11RHI:     GPU DeviceId: 0x1b80 (for the marketing name, search the web for "GPU Device Id")
[2019.09.04-06.44.01:298][  0]LogWindows: EnumDisplayDevices:
[2019.09.04-06.44.01:298][  0]LogWindows:    0. 'NVIDIA GeForce GTX 1080' (P:1 D:1)
[2019.09.04-06.44.01:298][  0]LogWindows:    1. 'NVIDIA GeForce GTX 1080' (P:0 D:0)
[2019.09.04-06.44.01:299][  0]LogWindows:    2. 'NVIDIA GeForce GTX 1080' (P:0 D:0)
[2019.09.04-06.44.01:299][  0]LogWindows:    3. 'NVIDIA GeForce GTX 1080' (P:0 D:0)
[2019.09.04-06.44.01:299][  0]LogWindows: DebugString: FoundDriverCount:4 
[2019.09.04-06.44.01:299][  0]LogD3D11RHI:     Adapter Name: NVIDIA GeForce GTX 1080
[2019.09.04-06.44.01:299][  0]LogD3D11RHI:   Driver Version: 431.07 (internal:26.21.14.3107, unified:431.07)
[2019.09.04-06.44.01:299][  0]LogD3D11RHI:      Driver Date: 6-5-2019
[2019.09.04-06.44.01:299][  0]LogRHI: Texture pool is 5655 MB (70% of 8079 MB)
[2019.09.04-06.44.01:345][  0]LogD3D11RHI: Async texture creation enabled
[2019.09.04-06.44.01:348][  0]LogRendererCore: FGlobalReadBuffer::InitRHI
[2019.09.04-06.44.01:348][  0]LogRendererCore: FGlobalReadBuffer::InitRHI
[2019.09.04-06.44.01:348][  0]LogRendererCore: FGlobalReadBuffer::InitRHI
[2019.09.04-06.44.01:356][  0]LogD3D11RHI: GPU Timing Frequency: 1000.000000 (Debug: 2 1)
[2019.09.04-06.44.01:711][  0]LogTemp: Display: Module 'AllDesktopTargetPlatform' loaded TargetPlatform 'AllDesktop'
[2019.09.04-06.44.01:726][  0]LogTemp: Display: Module 'MacClientTargetPlatform' loaded TargetPlatform 'MacClient'
[2019.09.04-06.44.01:739][  0]LogTemp: Display: Module 'MacNoEditorTargetPlatform' loaded TargetPlatform 'MacNoEditor'
[2019.09.04-06.44.01:752][  0]LogTemp: Display: Module 'MacServerTargetPlatform' loaded TargetPlatform 'MacServer'
[2019.09.04-06.44.01:766][  0]LogTemp: Display: Module 'MacTargetPlatform' loaded TargetPlatform 'Mac'
[2019.09.04-06.44.01:777][  0]LogTemp: Display: Module 'WindowsClientTargetPlatform' loaded TargetPlatform 'WindowsClient'
[2019.09.04-06.44.01:789][  0]LogTemp: Display: Module 'WindowsNoEditorTargetPlatform' loaded TargetPlatform 'WindowsNoEditor'
[2019.09.04-06.44.01:801][  0]LogTemp: Display: Module 'WindowsServerTargetPlatform' loaded TargetPlatform 'WindowsServer'
[2019.09.04-06.44.01:807][  0]LogTemp: Display: Module 'WindowsTargetPlatform' loaded TargetPlatform 'Windows'
[2019.09.04-06.44.01:874][  0]LogTemp: Display: Module 'AndroidTargetPlatform' loaded TargetPlatform 'Android'
[2019.09.04-06.44.01:874][  0]LogTemp: Display: Module 'AndroidTargetPlatform' loaded TargetPlatform 'Android_ASTC'
[2019.09.04-06.44.01:874][  0]LogTemp: Display: Module 'AndroidTargetPlatform' loaded TargetPlatform 'Android_ATC'
[2019.09.04-06.44.01:874][  0]LogTemp: Display: Module 'AndroidTargetPlatform' loaded TargetPlatform 'Android_DXT'
[2019.09.04-06.44.01:874][  0]LogTemp: Display: Module 'AndroidTargetPlatform' loaded TargetPlatform 'Android_ETC1'
[2019.09.04-06.44.01:874][  0]LogTemp: Display: Module 'AndroidTargetPlatform' loaded TargetPlatform 'Android_ETC1a'
[2019.09.04-06.44.01:874][  0]LogTemp: Display: Module 'AndroidTargetPlatform' loaded TargetPlatform 'Android_ETC2'
[2019.09.04-06.44.01:874][  0]LogTemp: Display: Module 'AndroidTargetPlatform' loaded TargetPlatform 'Android_PVRTC'
[2019.09.04-06.44.01:874][  0]LogTemp: Display: Module 'AndroidTargetPlatform' loaded TargetPlatform 'AndroidClient'
[2019.09.04-06.44.01:874][  0]LogTemp: Display: Module 'AndroidTargetPlatform' loaded TargetPlatform 'Android_ASTCClient'
[2019.09.04-06.44.01:874][  0]LogTemp: Display: Module 'AndroidTargetPlatform' loaded TargetPlatform 'Android_ATCClient'
[2019.09.04-06.44.01:874][  0]LogTemp: Display: Module 'AndroidTargetPlatform' loaded TargetPlatform 'Android_DXTClient'
[2019.09.04-06.44.01:874][  0]LogTemp: Display: Module 'AndroidTargetPlatform' loaded TargetPlatform 'Android_ETC1Client'
[2019.09.04-06.44.01:874][  0]LogTemp: Display: Module 'AndroidTargetPlatform' loaded TargetPlatform 'Android_ETC1aClient'
[2019.09.04-06.44.01:874][  0]LogTemp: Display: Module 'AndroidTargetPlatform' loaded TargetPlatform 'Android_ETC2Client'
[2019.09.04-06.44.01:874][  0]LogTemp: Display: Module 'AndroidTargetPlatform' loaded TargetPlatform 'Android_PVRTCClient'
[2019.09.04-06.44.01:874][  0]LogTemp: Display: Module 'AndroidTargetPlatform' loaded TargetPlatform 'Android_Multi'
[2019.09.04-06.44.01:874][  0]LogTemp: Display: Module 'AndroidTargetPlatform' loaded TargetPlatform 'Android_MultiClient'
[2019.09.04-06.44.01:876][  0]LogTemp: Display: Module 'HTML5TargetPlatform' loaded TargetPlatform 'HTML5'
[2019.09.04-06.44.01:928][  0]LogTemp: Display: Module 'IOSTargetPlatform' loaded TargetPlatform 'IOSClient'
[2019.09.04-06.44.01:928][  0]LogTemp: Display: Module 'IOSTargetPlatform' loaded TargetPlatform 'IOS'
[2019.09.04-06.44.01:949][  0]LogTemp: Display: Module 'TVOSTargetPlatform' loaded TargetPlatform 'TVOSClient'
[2019.09.04-06.44.01:949][  0]LogTemp: Display: Module 'TVOSTargetPlatform' loaded TargetPlatform 'TVOS'
[2019.09.04-06.44.01:963][  0]LogTemp: Display: Module 'LinuxClientTargetPlatform' loaded TargetPlatform 'LinuxClient'
[2019.09.04-06.44.01:975][  0]LogTemp: Display: Module 'LinuxNoEditorTargetPlatform' loaded TargetPlatform 'LinuxNoEditor'
[2019.09.04-06.44.01:991][  0]LogTemp: Display: Module 'LinuxServerTargetPlatform' loaded TargetPlatform 'LinuxServer'
[2019.09.04-06.44.02:006][  0]LogTemp: Display: Module 'LinuxTargetPlatform' loaded TargetPlatform 'Linux'
[2019.09.04-06.44.02:047][  0]LogTemp: Display: Module 'LuminTargetPlatform' loaded TargetPlatform 'Lumin'
[2019.09.04-06.44.02:047][  0]LogTemp: Display: Module 'LuminTargetPlatform' loaded TargetPlatform 'LuminClient'
[2019.09.04-06.44.02:047][  0]LogTargetPlatformManager: Display: Building Assets For Windows
[2019.09.04-06.44.02:056][  0]LogAudioDebug: Display: Lib vorbis DLL was dynamically loaded.
[2019.09.04-06.44.02:097][  0]LogShaderCompilers: Guid format shader working directory is 1 characters bigger than the processId version (../../../../../UE_Projects/PuchiContest/Freeze/Intermediate/Shaders/WorkingDirectory/16092/).
[2019.09.04-06.44.02:097][  0]LogShaderCompilers: Cleaned the shader compiler working directory 'C:/Users/s172091/AppData/Local/Temp/UnrealShaderWorkingDir/99F34FD346352B7D32E189B8E797BA00/'.
[2019.09.04-06.44.02:099][  0]LogXGEController: Cannot use XGE Controller as Incredibuild is not installed on this machine.
[2019.09.04-06.44.02:099][  0]LogShaderCompilers: Cannot use XGE Shader Compiler as Incredibuild is not installed on this machine.
[2019.09.04-06.44.02:099][  0]LogShaderCompilers: Display: Using Local Shader Compiler.
[2019.09.04-06.44.03:461][  0]LogDerivedDataCache: Display: Max Cache Size: 512 MB
[2019.09.04-06.44.03:503][  0]LogDerivedDataCache: Loaded boot cache 0.04s 71MB C:/Users/s172091/AppData/Local/UnrealEngine/4.22/DerivedDataCache/Boot.ddc.
[2019.09.04-06.44.03:503][  0]LogDerivedDataCache: Display: Loaded Boot cache: C:/Users/s172091/AppData/Local/UnrealEngine/4.22/DerivedDataCache/Boot.ddc
[2019.09.04-06.44.03:503][  0]LogDerivedDataCache: FDerivedDataBackendGraph:  Pak pak cache file ../../../../../UE_Projects/PuchiContest/Freeze/DerivedDataCache/DDC.ddp not found, will not use a pak cache.
[2019.09.04-06.44.03:503][  0]LogDerivedDataCache: Unable to find inner node Pak for hierarchical cache Hierarchy.
[2019.09.04-06.44.03:503][  0]LogDerivedDataCache: FDerivedDataBackendGraph:  CompressedPak pak cache file ../../../../../UE_Projects/PuchiContest/Freeze/DerivedDataCache/Compressed.ddp not found, will not use a pak cache.
[2019.09.04-06.44.03:503][  0]LogDerivedDataCache: Unable to find inner node CompressedPak for hierarchical cache Hierarchy.
[2019.09.04-06.44.03:514][  0]LogDerivedDataCache: Display: Pak cache opened for reading ../../../Engine/DerivedDataCache/Compressed.ddp.
[2019.09.04-06.44.03:514][  0]LogDerivedDataCache: FDerivedDataBackendGraph:  EnterprisePak pak cache file ../../../Enterprise/DerivedDataCache/Compressed.ddp not found, will not use a pak cache.
[2019.09.04-06.44.03:514][  0]LogDerivedDataCache: Unable to find inner node EnterprisePak for hierarchical cache Hierarchy.
[2019.09.04-06.44.03:528][  0]LogDerivedDataCache: Using Local data cache path C:/Users/s172091/AppData/Local/UnrealEngine/Common/DerivedDataCache: Writable
[2019.09.04-06.44.03:528][  0]LogDerivedDataCache: Shared data cache path not found in *engine.ini, will not use an Shared cache.
[2019.09.04-06.44.03:528][  0]LogDerivedDataCache: Unable to find inner node Shared for hierarchical cache Hierarchy.
[2019.09.04-06.44.03:547][  0]LogMaterial: Verifying Global Shaders for PCD3D_SM5
[2019.09.04-06.44.03:548][  0]LogSlate: Using FreeType 2.6.0
[2019.09.04-06.44.03:550][  0]LogSlate: SlateFontServices - WITH_FREETYPE: 1, WITH_HARFBUZZ: 1
[2019.09.04-06.44.03:696][  0]LogAssetRegistry: FAssetRegistry took 0.0320 seconds to start up
[2019.09.04-06.44.03:958][  0]LogInit: Selected Device Profile: [Windows]
[2019.09.04-06.44.04:022][  0]LogMeshReduction: Using QuadricMeshReduction for automatic static mesh reduction
[2019.09.04-06.44.04:022][  0]LogMeshReduction: Using SimplygonMeshReduction for automatic skeletal mesh reduction
[2019.09.04-06.44.04:022][  0]LogMeshReduction: Using ProxyLODMeshReduction for automatic mesh merging
[2019.09.04-06.44.04:022][  0]LogMeshReduction: No distributed automatic mesh merging module available
[2019.09.04-06.44.04:022][  0]LogMeshMerging: No distributed automatic mesh merging module available
[2019.09.04-06.44.04:095][  0]LogNetVersion: Frezze 1.0.0, NetCL: 5660361, EngineNetVer: 10, GameNetVer: 0 (Checksum: 1481717962)
[2019.09.04-06.44.04:588][  0]LogPackageLocalizationCache: Processed 10 localized package path(s) for 1 prioritized culture(s) in 0.061930 seconds
[2019.09.04-06.44.04:593][  0]LogUObjectArray: 42205 objects as part of root set at end of initial load.
[2019.09.04-06.44.04:593][  0]LogUObjectAllocator: 7325032 out of 0 bytes used by permanent object pool.
[2019.09.04-06.44.04:593][  0]LogUObjectArray: CloseDisregardForGC: 0/0 objects in disregard for GC pool
[2019.09.04-06.44.06:875][  0]LogTcpMessaging: Initializing TcpMessaging bridge
[2019.09.04-06.44.06:888][  0]LogUdpMessaging: Initializing bridge on interface 0.0.0.0:0 to multicast group 230.0.0.1:6666.
[2019.09.04-06.44.07:001][  0]SourceControl: ソースコントロールは無効です
[2019.09.04-06.44.07:001][  0]SourceControl: ソースコントロールは無効です
[2019.09.04-06.44.07:003][  0]SourceControl: ソースコントロールは無効です
[2019.09.04-06.44.07:004][  0]SourceControl: ソースコントロールは無効です
[2019.09.04-06.44.07:101][  0]LogAndroidPermission: UAndroidPermissionCallbackProxy::GetInstance
[2019.09.04-06.44.07:161][  0]LogOcInput: OculusInput pre-init called
[2019.09.04-06.44.08:275][  0]LogEngine: Initializing Engine...
[2019.09.04-06.44.08:277][  0]LogHMD: Failed to initialize OpenVR with code 110
[2019.09.04-06.44.08:278][  0]LogStats: UGameplayTagsManager::InitializeManager -  0.000 s
[2019.09.04-06.44.08:494][  0]LogInit: Initializing FReadOnlyCVARCache
[2019.09.04-06.44.08:504][  0]LogAIModule: Creating AISystem for world Untitled
[2019.09.04-06.44.08:509][  0]LogInit: XAudio2 using 'PLE2483H (NVIDIA High Definition Audio)' : 2 channels at 48 kHz using 16 bits per sample (channel mask 0x3)
[2019.09.04-06.44.08:520][  0]LogInit: FAudioDevice initialized.
[2019.09.04-06.44.08:520][  0]LogNetVersion: Set ProjectVersion to 1.0.0.0. Version Checksum will be recalculated on next use.
[2019.09.04-06.44.08:583][  0]LogDerivedDataCache: Saved boot cache 0.06s 71MB C:/Users/s172091/AppData/Local/UnrealEngine/4.22/DerivedDataCache/Boot.ddc.
[2019.09.04-06.44.08:591][  0]LogInit: Texture streaming: Enabled
[2019.09.04-06.44.08:609][  0]LogEngineSessionManager: EngineSessionManager initialized
[2019.09.04-06.44.08:609][  0]LogEngineSessionManager: EngineSessionManager sent abnormal shutdown report. Type=Crashed, SessionId={8C46DC86-4561-8692-3E01-CAA5B1500E85}
[2019.09.04-06.44.08:629][  0]LogInit: Transaction tracking system initialized
[2019.09.04-06.44.08:647][  0]BlueprintLog: New page: エディタの読み込み
[2019.09.04-06.44.08:716][  0]LocalizationService: ローカライズのサービスが無効になりました
[2019.09.04-06.44.08:824][  0]LogLinker: Warning: ファイル '/Game/ThirdPersonBP/ThirdPersonOverview' が見つかりません
[2019.09.04-06.44.08:824][  0]LogLinker: Warning: ファイル '/Game/ThirdPersonBP/ThirdPersonOverview' が見つかりません
[2019.09.04-06.44.08:824][  0]LogUObjectGlobals: Warning: オブジェクト 'Class /Game/ThirdPersonBP/ThirdPersonOverview.ThirdPersonOverview_C' が見つかりませんでした
[2019.09.04-06.44.09:034][  0]LogFileCache: Scanning file cache for directory 'D:/UE_Projects/PuchiContest/Freeze/Content/' took 0.01s
[2019.09.04-06.44.09:034][  0]LogCook: Display: Max memory allowance for cook 16384mb min free memory 0mb
[2019.09.04-06.44.09:034][  0]LogCook: Display: Mobile HDR setting 1
[2019.09.04-06.44.09:272][  0]SourceControl: ソースコントロールは無効です
[2019.09.04-06.44.09:272][  0]Cmd: MAP LOAD FILE="../../../../../UE_Projects/PuchiContest/Freeze/Content/SideScrollerBP/Maps/SideScrollerExampleMap.umap" TEMPLATE=0 SHOWPROGRESS=1 FEATURELEVEL=3
[2019.09.04-06.44.09:274][  0]LightingResults: New page: ライティングのビルド
[2019.09.04-06.44.09:277][  0]MapCheck: New page: マップをチェック
[2019.09.04-06.44.09:277][  0]LightingResults: New page: ライティングのビルド
[2019.09.04-06.44.09:297][  0]LogUObjectHash: Compacting FUObjectHashTables data took   1.19ms
[2019.09.04-06.44.09:698][  0]LogAIModule: Creating AISystem for world SideScrollerExampleMap
[2019.09.04-06.44.09:737][  0]LogEditorServer: Finished looking for orphan Actors (0.000 secs)
[2019.09.04-06.44.09:760][  0]LogUObjectHash: Compacting FUObjectHashTables data took   1.61ms
[2019.09.04-06.44.09:760][  0]Cmd: MAP CHECKDEP NOCLEARLOG
[2019.09.04-06.44.09:760][  0]MapCheck: マップチェックが完了: 0 エラー、 0 警告、完了に 0.076ミリ秒かかりました。
[2019.09.04-06.44.09:760][  0]LogFileHelpers: Loading map 'SideScrollerExampleMap' took 0.487
[2019.09.04-06.44.09:875][  0]LogSlate: Updating window title bar state: overlay mode, drag disabled, window buttons hidden, title bar hidden
[2019.09.04-06.44.09:880][  0]LogSlate: Updating window title bar state: overlay mode, drag disabled, window buttons hidden, title bar hidden
[2019.09.04-06.44.09:886][  0]LogSlate: Updating window title bar state: overlay mode, drag disabled, window buttons hidden, title bar hidden
[2019.09.04-06.44.09:891][  0]LogSlate: Updating window title bar state: overlay mode, drag disabled, window buttons hidden, title bar hidden
[2019.09.04-06.44.09:898][  0]LogCollectionManager: Loaded 0 collections in 0.000691 seconds
[2019.09.04-06.44.09:933][  0]LogFileCache: Scanning file cache for directory 'D:/UE_Projects/PuchiContest/Freeze/Saved/Collections/' took 0.01s
[2019.09.04-06.44.09:933][  0]LogFileCache: Scanning file cache for directory 'D:/UE_Projects/PuchiContest/Freeze/Content/Developers/s172091/Collections/' took 0.01s
[2019.09.04-06.44.09:933][  0]LogFileCache: Scanning file cache for directory 'D:/UE_Projects/PuchiContest/Freeze/Content/Collections/' took 0.01s
[2019.09.04-06.44.09:933][  0]LogCollectionManager: Rebuilt the GUID cache for 0 collections in 0.000000 seconds
[2019.09.04-06.44.09:941][  0]LogContentBrowser: Native class hierarchy populated in 0.0080 seconds. Added 2734 classes and 661 folders.
[2019.09.04-06.44.09:946][  0]LogContentBrowser: Native class hierarchy updated for 'WidgetCarousel' in 0.0003 seconds. Added 0 classes and 0 folders.
[2019.09.04-06.44.09:952][  0]LogPakFile: Registered encryption key '00000000000000000000000000000000': 0 pak files mounted, 0 remain pending
[2019.09.04-06.44.09:955][  0]LogPakFile: Registered encryption key '00000000000000000000000000000000': 0 pak files mounted, 0 remain pending
[2019.09.04-06.44.09:957][  0]LogPakFile: Registered encryption key '00000000000000000000000000000000': 0 pak files mounted, 0 remain pending
[2019.09.04-06.44.09:959][  0]LogPakFile: Registered encryption key '00000000000000000000000000000000': 0 pak files mounted, 0 remain pending
[2019.09.04-06.44.09:961][  0]LogPakFile: Registered encryption key '00000000000000000000000000000000': 0 pak files mounted, 0 remain pending
[2019.09.04-06.44.09:962][  0]LogPakFile: Registered encryption key '00000000000000000000000000000000': 0 pak files mounted, 0 remain pending
[2019.09.04-06.44.09:964][  0]LogPakFile: Registered encryption key '00000000000000000000000000000000': 0 pak files mounted, 0 remain pending
[2019.09.04-06.44.09:966][  0]LogPakFile: Registered encryption key '00000000000000000000000000000000': 0 pak files mounted, 0 remain pending
[2019.09.04-06.44.09:968][  0]LogPakFile: Registered encryption key '00000000000000000000000000000000': 0 pak files mounted, 0 remain pending
[2019.09.04-06.44.09:970][  0]LogPakFile: Registered encryption key '00000000000000000000000000000000': 0 pak files mounted, 0 remain pending
[2019.09.04-06.44.09:972][  0]LogPakFile: Registered encryption key '00000000000000000000000000000000': 0 pak files mounted, 0 remain pending
[2019.09.04-06.44.09:973][  0]LogPakFile: Registered encryption key '00000000000000000000000000000000': 0 pak files mounted, 0 remain pending
[2019.09.04-06.44.09:975][  0]LogPakFile: Registered encryption key '00000000000000000000000000000000': 0 pak files mounted, 0 remain pending
[2019.09.04-06.44.09:977][  0]LogPakFile: Registered encryption key '00000000000000000000000000000000': 0 pak files mounted, 0 remain pending
[2019.09.04-06.44.09:979][  0]LogPakFile: Registered encryption key '00000000000000000000000000000000': 0 pak files mounted, 0 remain pending
[2019.09.04-06.44.09:981][  0]LogPakFile: Registered encryption key '00000000000000000000000000000000': 0 pak files mounted, 0 remain pending
[2019.09.04-06.44.09:982][  0]LogPakFile: Registered encryption key '00000000000000000000000000000000': 0 pak files mounted, 0 remain pending
[2019.09.04-06.44.09:984][  0]LogPakFile: Registered encryption key '00000000000000000000000000000000': 0 pak files mounted, 0 remain pending
[2019.09.04-06.44.09:985][  0]LogPakFile: Registered encryption key '00000000000000000000000000000000': 0 pak files mounted, 0 remain pending
[2019.09.04-06.44.09:987][  0]LogPakFile: Registered encryption key '00000000000000000000000000000000': 0 pak files mounted, 0 remain pending
[2019.09.04-06.44.09:989][  0]LogPakFile: Registered encryption key '00000000000000000000000000000000': 0 pak files mounted, 0 remain pending
[2019.09.04-06.44.09:991][  0]LogPakFile: Registered encryption key '00000000000000000000000000000000': 0 pak files mounted, 0 remain pending
[2019.09.04-06.44.09:993][  0]LogPakFile: Registered encryption key '00000000000000000000000000000000': 0 pak files mounted, 0 remain pending
[2019.09.04-06.44.09:994][  0]LogPakFile: Registered encryption key '00000000000000000000000000000000': 0 pak files mounted, 0 remain pending
[2019.09.04-06.44.09:996][  0]LogPakFile: Registered encryption key '00000000000000000000000000000000': 0 pak files mounted, 0 remain pending
[2019.09.04-06.44.09:998][  0]LogPakFile: Registered encryption key '00000000000000000000000000000000': 0 pak files mounted, 0 remain pending
[2019.09.04-06.44.10:093][  0]LogContentBrowser: Native class hierarchy updated for 'AddContentDialog' in 0.0003 seconds. Added 0 classes and 0 folders.
[2019.09.04-06.44.10:097][  0]LogContentBrowser: Native class hierarchy updated for 'SceneOutliner' in 0.0003 seconds. Added 1 classes and 2 folders.
[2019.09.04-06.44.10:161][  0]LogSlate: Took 0.002083 seconds to synchronously load lazily loaded font '../../../Engine/Content/Slate/Fonts/Roboto-Regular.ttf' (155K)
[2019.09.04-06.44.10:163][  0]LogSlate: Took 0.001872 seconds to synchronously load lazily loaded font '../../../Engine/Content/Editor/Slate/Fonts/GenEiGothicPro-Regular.otf' (707K)
[2019.09.04-06.44.10:165][  0]LogSlate: Took 0.001665 seconds to synchronously load lazily loaded font '../../../Engine/Content/Editor/Slate/Fonts/GenEiGothicPro-Bold.otf' (698K)
[2019.09.04-06.44.10:167][  0]LogSlate: Took 0.001737 seconds to synchronously load lazily loaded font '../../../Engine/Content/Slate/Fonts/Roboto-Bold.ttf' (160K)
[2019.09.04-06.44.10:172][  0]LogSlate: Took 0.001881 seconds to synchronously load lazily loaded font '../../../Engine/Content/Editor/Slate/Fonts/FontAwesome.ttf' (139K)
[2019.09.04-06.44.10:243][  0]LogRenderer: Reallocating scene render targets to support 1208x572 Format 10 NumSamples 1 (Frame:1).
[2019.09.04-06.44.10:355][  0]LogContentBrowser: Native class hierarchy updated for 'HierarchicalLODOutliner' in 0.0004 seconds. Added 0 classes and 0 folders.
[2019.09.04-06.44.10:355][  0]LogLoad: (Engine Initialization) Total time: 12.30 seconds
[2019.09.04-06.44.10:355][  0]LogLoad: (Engine Initialization) Total Blueprint compile time: 0.00 seconds
[2019.09.04-06.44.10:372][  0]LogWindowsTextInputMethodSystem: Display: IME system now activated using TSF (Microsoft IME).
[2019.09.04-06.44.10:408][  0]LogAssetRegistry: Asset discovery search completed in 6.7339 seconds
[2019.09.04-06.44.10:410][  0]LogCollectionManager: Rebuilt the object cache for 0 collections in 0.000000 seconds (found 0 objects)
[2019.09.04-06.44.10:410][  0]LogCollectionManager: Fixed up redirectors for 0 collections in 0.000043 seconds (updated 0 objects)
[2019.09.04-06.44.10:411][  0]LogContentStreaming: Texture pool size now 1000 MB
[2019.09.04-06.44.10:443][  0]LogSlate: Took 0.001711 seconds to synchronously load lazily loaded font '../../../Engine/Content/Slate/Fonts/Roboto-Light.ttf' (167K)
[2019.09.04-06.44.10:458][  1]LogFileCache: Retrieving MD5 hashes for directory 'D:/UE_Projects/PuchiContest/Freeze/Content/' took 0.07s
[2019.09.04-06.44.11:389][106]LogSlate: Took 0.001821 seconds to synchronously load lazily loaded font '../../../Engine/Content/Editor/Slate/Fonts/GenEiGothicPro-Light.otf' (713K)
[2019.09.04-06.44.11:390][106]LogSlate: Took 0.000666 seconds to synchronously load lazily loaded font '../../../Engine/Content/Slate/Fonts/Roboto-Light.ttf' (167K)
[2019.09.04-06.44.45:100][312]LogSlate: FSceneViewport::OnFocusLost() reason 0
[2019.09.04-06.44.45:419][312]Candidate modules for hot reload:
[2019.09.04-06.44.45:419][312]  Frezze
[2019.09.04-06.44.45:419][312]Launching UnrealBuildTool... [D:/UE_4.22/UE_4.22/Engine/Binaries/DotNET/UnrealBuildTool.exe  -ModuleWithSuffix=Frezze,5014 Win64 Development -TargetType=Editor -Project="D:/UE_Projects/PuchiContest/Freeze/Frezze.uproject" "D:/UE_Projects/PuchiContest/Freeze/Frezze.uproject"  -IgnoreJunk]
[2019.09.04-06.44.45:422][312]Warning: Starting HotReload took  0.0s.
[2019.09.04-06.45.10:222][256]LogAIModule: Creating AISystem for world SideScrollerExampleMap_2
[2019.09.04-06.45.10:236][256]LogAssetEditorManager: Opening Asset editor for World /Game/SideScrollerBP/Maps/SideScrollerExampleMap_2.SideScrollerExampleMap_2
[2019.09.04-06.45.10:257][256]LogUObjectHash: Compacting FUObjectHashTables data took   1.81ms
[2019.09.04-06.45.10:258][256]Cmd: MAP LOAD FILE="../../../../../UE_Projects/PuchiContest/Freeze/Content/SideScrollerBP/Maps/SideScrollerExampleMap_2.umap" TEMPLATE=0 SHOWPROGRESS=1 FEATURELEVEL=3
[2019.09.04-06.45.10:258][256]LightingResults: New page: ライティングのビルド
[2019.09.04-06.45.10:258][256]LoadErrors: New page: マップをロード中: SideScrollerExampleMap_2.umap
[2019.09.04-06.45.10:260][256]MapCheck: New page: マップをチェック
[2019.09.04-06.45.10:260][256]LightingResults: New page: ライティングのビルド
[2019.09.04-06.45.10:280][256]LogUObjectHash: Compacting FUObjectHashTables data took   1.60ms
[2019.09.04-06.45.10:352][256]LogEditorServer: Finished looking for orphan Actors (0.000 secs)
[2019.09.04-06.45.10:372][256]LogUObjectHash: Compacting FUObjectHashTables data took   1.12ms
[2019.09.04-06.45.10:404][256]Cmd: MAP CHECKDEP NOCLEARLOG
[2019.09.04-06.45.10:405][256]MapCheck: マップチェックが完了: 0 エラー、 0 警告、完了に 0.101ミリ秒かかりました。
[2019.09.04-06.45.10:405][256]LogFileHelpers: Loading map 'SideScrollerExampleMap_2' took 0.148
[2019.09.04-06.45.12:331][477]CompilerResultsLog: New page: コンパイル - 2019/09/05 0:45:12
[2019.09.04-06.45.12:331][477]CompilerResultsLog: Using 'git status' to determine working set for adaptive non-unity build (D:\UE_Projects\PuchiContest).
[2019.09.04-06.45.12:331][477]CompilerResultsLog: Creating makefile for FrezzeEditor (ini files are newer than makefile)
[2019.09.04-06.45.12:331][477]CompilerResultsLog: Parsing headers for FrezzeEditor
[2019.09.04-06.45.12:331][477]CompilerResultsLog:   Running UnrealHeaderTool "D:\UE_Projects\PuchiContest\Freeze\Frezze.uproject" "D:\UE_Projects\PuchiContest\Freeze\Intermediate\Build\Win64\FrezzeEditor\Development\FrezzeEditor.uhtmanifest" -LogCmds="loginit warning, logexit warning, logdatabase error" -Unattended -WarningsAsErrors -installed
[2019.09.04-06.45.12:331][477]CompilerResultsLog: Reflection code generated for FrezzeEditor in 12.7151403 seconds
[2019.09.04-06.45.12:331][477]CompilerResultsLog: Using Visual Studio 2017 14.16.27023 toolchain (C:\Program Files (x86)\Microsoft Visual Studio\2017\Community\VC\Tools\MSVC\14.16.27023) and Windows 10.0.17134.0 SDK (C:\Program Files (x86)\Windows Kits\10).
[2019.09.04-06.45.12:331][477]CompilerResultsLog: Building 4 actions with 8 processes...
[2019.09.04-06.45.12:331][477]CompilerResultsLog:   [1/4] LoadCsvMap.cpp
[2019.09.04-06.45.12:331][477]CompilerResultsLog:   D:\UE_Projects\PuchiContest\Freeze\Source\Frezze\LoadCsvMap.cpp(18): warning C4996: 'FPaths::GameContentDir': FPaths::GameContentDir() has been superseded by FPaths::ProjectContentDir(). Please update your code to the new API before upgrading to the next release, otherwise your project will no longer compile.
[2019.09.04-06.45.12:332][477]CompilerResultsLog:   D:\UE_4.22\UE_4.22\Engine\Source\Runtime\Core\Public\Misc/Paths.h(144): note: 'FPaths::GameContentDir' ?̐錾???m?F???Ă???????
[2019.09.04-06.45.12:332][477]CompilerResultsLog:   [2/4] UE4Editor-Frezze-5014.lib
[2019.09.04-06.45.12:332][477]CompilerResultsLog:      ???C?u???? D:\UE_Projects\PuchiContest\Freeze\Intermediate\Build\Win64\UE4Editor\Development\Frezze\UE4Editor-Frezze-5014.lib ?ƃI?u?W?F?N?g D:\UE_Projects\PuchiContest\Freeze\Intermediate\Build\Win64\UE4Editor\Development\Frezze\UE4Editor-Frezze-5014.exp ???쐬??
[2019.09.04-06.45.12:332][477]CompilerResultsLog:   [3/4] UE4Editor-Frezze-5014.dll
[2019.09.04-06.45.12:332][477]CompilerResultsLog:      ???C?u???? D:\UE_Projects\PuchiContest\Freeze\Intermediate\Build\Win64\UE4Editor\Development\Frezze\UE4Editor-Frezze-5014.suppressed.lib ?ƃI?u?W?F?N?g D:\UE_Projects\PuchiContest\Freeze\Intermediate\Build\Win64\UE4Editor\Development\Frezze\UE4Editor-Frezze-5014.suppressed.exp ???쐬??
[2019.09.04-06.45.12:332][477]CompilerResultsLog:   [4/4] FrezzeEditor.target
[2019.09.04-06.45.12:332][477]CompilerResultsLog: Total time in Parallel executor: 11.75 seconds
[2019.09.04-06.45.12:332][477]CompilerResultsLog: Total execution time: 26.82 seconds
[2019.09.04-06.45.12:332][477]LogMainFrame: MainFrame: Module compiling took 26.915 seconds
[2019.09.04-06.45.12:353][477]LogUObjectHash: Compacting FUObjectHashTables data took   0.54ms
[2019.09.04-06.45.12:359][477]LogClass: ObjectType HotReload.
[2019.09.04-06.45.12:361][477]LogContentBrowser: Native class hierarchy updated for 'Frezze' in 0.0003 seconds. Added 2 classes and 2 folders.
[2019.09.04-06.45.12:363][477]Display: HotReload successful (5 functions remapped  0 scriptstructs remapped)
[2019.09.04-06.45.12:493][477]LogUObjectHash: Compacting FUObjectHashTables data took   0.93ms
[2019.09.04-06.45.12:502][477]LogContentBrowser: Native class hierarchy populated in 0.0064 seconds. Added 2735 classes and 663 folders.
[2019.09.04-06.45.12:502][477]Display: HotReload took 27.1s.
[2019.09.04-06.45.14:611][720]LogTemp: Repeating last play command: 選択ビューポート
[2019.09.04-06.45.14:626][720]LogBlueprintUserMessages: Early PlayInEditor Detection: Level '/Game/SideScrollerBP/Maps/SideScrollerExampleMap_2.SideScrollerExampleMap_2:PersistentLevel' has LevelScriptBlueprint '/Game/SideScrollerBP/Maps/SideScrollerExampleMap_2.SideScrollerExampleMap_2:PersistentLevel.SideScrollerExampleMap_2' with GeneratedClass '/Game/SideScrollerBP/Maps/SideScrollerExampleMap_2.SideScrollerExampleMap_2_C' with ClassGeneratedBy '/Game/SideScrollerBP/Maps/SideScrollerExampleMap_2.SideScrollerExampleMap_2:PersistentLevel.SideScrollerExampleMap_2'
[2019.09.04-06.45.14:626][720]LogPlayLevel: PlayLevel: No blueprints needed recompiling
[2019.09.04-06.45.14:626][720]PIE: New page: PIEセッション: SideScrollerExampleMap_2 (2019/09/05 0:45:14)
[2019.09.04-06.45.14:639][720]LogPlayLevel: Creating play world package: /Game/SideScrollerBP/Maps/UEDPIE_0_SideScrollerExampleMap_2
[2019.09.04-06.45.14:653][720]LogPlayLevel: PIE: StaticDuplicateObject took: (0.014076s)
[2019.09.04-06.45.14:654][720]LogAIModule: Creating AISystem for world SideScrollerExampleMap_2
[2019.09.04-06.45.14:654][720]LogPlayLevel: PIE: World Init took: (0.000532s)
[2019.09.04-06.45.14:654][720]LogPlayLevel: PIE: Created PIE world by copying editor world from /Game/SideScrollerBP/Maps/SideScrollerExampleMap_2.SideScrollerExampleMap_2 to /Game/SideScrollerBP/Maps/UEDPIE_0_SideScrollerExampleMap_2.SideScrollerExampleMap_2 (0.014819s)
[2019.09.04-06.45.14:674][720]LogUObjectHash: Compacting FUObjectHashTables data took   0.89ms
[2019.09.04-06.45.14:677][720]LogInit: XAudio2 using 'PLE2483H (NVIDIA High Definition Audio)' : 2 channels at 48 kHz using 16 bits per sample (channel mask 0x3)
[2019.09.04-06.45.14:684][720]LogInit: FAudioDevice initialized.
[2019.09.04-06.45.14:725][720]LogLoad: Game class is 'SideScrollerGameMode_C'
[2019.09.04-06.45.14:726][720]LogWorld: Bringing World /Game/SideScrollerBP/Maps/UEDPIE_0_SideScrollerExampleMap_2.SideScrollerExampleMap_2 up for play (max tick rate 0) at 2019.09.04-15.45.14
[2019.09.04-06.45.14:726][720]LogWorld: Bringing up level for play took: 0.000517
[2019.09.04-06.45.14:819][720]LogContentBrowser: Native class hierarchy updated for 'MovieSceneCapture' in 0.0006 seconds. Added 20 classes and 0 folders.
[2019.09.04-06.45.14:822][720]LogOutputDevice: Warning: 

Script Stack (2 frames):
LoadMap_C.ExecuteUbergraph_LoadMap
LoadMap_C.ReceiveBeginPlay

[2019.09.04-06.45.14:823][720]LogWindows: Windows GetLastError: この操作を正しく終了しました。 (0)
[2019.09.04-06.45.19:840][720]LogWindows: Error: === Critical error: ===
[2019.09.04-06.45.19:840][720]LogWindows: Error: 
[2019.09.04-06.45.19:840][720]LogWindows: Error: Assertion failed: (Index >= 0) & (Index < ArrayNum) [File:D:\UE_4.22\UE_4.22\Engine\Source\Runtime\Core\Public\Containers/Array.h] [Line: 611] 
[2019.09.04-06.45.19:840][720]LogWindows: Error: Array index out of bounds: 0 from an array of size 0
[2019.09.04-06.45.19:840][720]LogWindows: Error: 
[2019.09.04-06.45.19:840][720]LogWindows: Error: 
[2019.09.04-06.45.19:840][720]LogWindows: Error: [Callstack] 0x00007ffbb6a1a388 KERNELBASE.dll!UnknownFunction []
[2019.09.04-06.45.19:840][720]LogWindows: Error: [Callstack] 0x00007ffb49cf1f37 UE4Editor-Core.dll!UnknownFunction []
[2019.09.04-06.45.19:840][720]LogWindows: Error: [Callstack] 0x00007ffb49cf46e7 UE4Editor-Core.dll!UnknownFunction []
[2019.09.04-06.45.19:840][720]LogWindows: Error: [Callstack] 0x00007ffb49b07d1a UE4Editor-Core.dll!UnknownFunction []
[2019.09.04-06.45.19:840][720]LogWindows: Error: [Callstack] 0x00007ffb49a8fe33 UE4Editor-Core.dll!UnknownFunction []
[2019.09.04-06.45.19:840][720]LogWindows: Error: [Callstack] 0x00007ffb49a904d0 UE4Editor-Core.dll!UnknownFunction []
[2019.09.04-06.45.19:840][720]LogWindows: Error: [Callstack] 0x00007ffb9c5980d8 UE4Editor-Frezze-5014.dll!DispatchCheckVerify<void,<lambda_a9d61a92389bdd2fa8c27bea9c17d36e> >() [d:\ue_4.22\ue_4.22\engine\source\runtime\core\public\misc\assertionmacros.h:162]
[2019.09.04-06.45.19:840][720]LogWindows: Error: [Callstack] 0x00007ffb9c592d30 UE4Editor-Frezze-5014.dll!ALoadCsvMap::LoadCsvData() [d:\ue_projects\puchicontest\freeze\source\frezze\loadcsvmap.cpp:28]
[2019.09.04-06.45.19:840][720]LogWindows: Error: [Callstack] 0x00007ffb9c5935a8 UE4Editor-Frezze-5014.dll!ALoadCsvMap::execLoadCsvData() [d:\ue_projects\puchicontest\freeze\source\frezze\loadcsvmap.h:26]
[2019.09.04-06.45.19:840][720]LogWindows: Error: [Callstack] 0x00007ffb493cbac8 UE4Editor-CoreUObject.dll!UnknownFunction []
[2019.09.04-06.45.19:840][720]LogWindows: Error: [Callstack] 0x00007ffb495c00e2 UE4Editor-CoreUObject.dll!UnknownFunction []
[2019.09.04-06.45.19:840][720]LogWindows: Error: [Callstack] 0x00007ffb495de98d UE4Editor-CoreUObject.dll!UnknownFunction []
[2019.09.04-06.45.19:840][720]LogWindows: Error: [Callstack] 0x00007ffb495b5efb UE4Editor-CoreUObject.dll!UnknownFunction []
[2019.09.04-06.45.19:840][720]LogWindows: Error: [Callstack] 0x00007ffb495de6a9 UE4Editor-CoreUObject.dll!UnknownFunction []
[2019.09.04-06.45.19:840][720]LogWindows: Error: [Callstack] 0x00007ffb495de98d UE4Editor-CoreUObject.dll!UnknownFunction []
[2019.09.04-06.45.19:840][720]LogWindows: Error: [Callstack] 0x00007ffb495de378 UE4Editor-CoreUObject.dll!UnknownFunction []
[2019.09.04-06.45.19:840][720]LogWindows: Error: [Callstack] 0x00007ffb493cbac8 UE4Editor-CoreUObject.dll!UnknownFunction []
[2019.09.04-06.45.19:840][720]LogWindows: Error: [Callstack] 0x00007ffb495ddf07 UE4Editor-CoreUObject.dll!UnknownFunction []
[2019.09.04-06.45.19:840][720]LogWindows: Error: [Callstack] 0x00007ffb4a419ff3 UE4Editor-Engine.dll!UnknownFunction []
[2019.09.04-06.45.19:840][720]LogWindows: Error: [Callstack] 0x00007ffb4a3e7358 UE4Editor-Engine.dll!UnknownFunction []
[2019.09.04-06.45.19:840][720]LogWindows: Error: [Callstack] 0x00007ffb4a3f1af6 UE4Editor-Engine.dll!UnknownFunction []
[2019.09.04-06.45.19:840][720]LogWindows: Error: [Callstack] 0x00007ffb4b50cb99 UE4Editor-Engine.dll!UnknownFunction []
[2019.09.04-06.45.19:840][720]LogWindows: Error: [Callstack] 0x00007ffb4aa72911 UE4Editor-Engine.dll!UnknownFunction []
[2019.09.04-06.45.19:840][720]LogWindows: Error: [Callstack] 0x00007ffb4b4c754e UE4Editor-Engine.dll!UnknownFunction []
[2019.09.04-06.45.19:840][720]LogWindows: Error: [Callstack] 0x00007ffb4aa399af UE4Editor-Engine.dll!UnknownFunction []
[2019.09.04-06.45.19:841][720]LogWindows: Error: [Callstack] 0x00007ffb47cabe44 UE4Editor-UnrealEd.dll!UnknownFunction []
[2019.09.04-06.45.19:841][720]LogWindows: Error: [Callstack] 0x00007ffb47ccb044 UE4Editor-UnrealEd.dll!UnknownFunction []
[2019.09.04-06.45.19:841][720]LogWindows: Error: [Callstack] 0x00007ffb47ce319f UE4Editor-UnrealEd.dll!UnknownFunction []
[2019.09.04-06.45.19:841][720]LogWindows: Error: [Callstack] 0x00007ffb477bfc4a UE4Editor-UnrealEd.dll!UnknownFunction []
[2019.09.04-06.45.19:841][720]LogWindows: Error: [Callstack] 0x00007ffb47fdd396 UE4Editor-UnrealEd.dll!UnknownFunction []
[2019.09.04-06.45.19:841][720]LogWindows: Error: [Callstack] 0x00007ff7988f6bb1 UE4Editor.exe!UnknownFunction []
[2019.09.04-06.45.19:841][720]LogWindows: Error: [Callstack] 0x00007ff79890554c UE4Editor.exe!UnknownFunction []
[2019.09.04-06.45.19:841][720]LogWindows: Error: [Callstack] 0x00007ff7989055ca UE4Editor.exe!UnknownFunction []
[2019.09.04-06.45.19:841][720]LogWindows: Error: [Callstack] 0x00007ff79891316c UE4Editor.exe!UnknownFunction []
[2019.09.04-06.45.19:841][720]LogWindows: Error: [Callstack] 0x00007ff798915b8e UE4Editor.exe!UnknownFunction []
[2019.09.04-06.45.19:841][720]LogWindows: Error: [Callstack] 0x00007ffbb7f94034 KERNEL32.DLL!UnknownFunction []
[2019.09.04-06.45.19:841][720]LogWindows: Error: [Callstack] 0x00007ffbb9fb3691 ntdll.dll!UnknownFunction []
[2019.09.04-06.45.19:841][720]LogWindows: Error: 
[2019.09.04-06.45.19:865][720]LogExit: Executing StaticShutdownAfterError
[2019.09.04-06.45.19:868][720]LogWindows: FPlatformMisc::RequestExit(1)
[2019.09.04-06.45.19:902][720]Log file closed, 09/04/19 15:45:19
