Log file open, 08/29/19 14:57:17
LogWindows: Failed to load 'aqProf.dll' (GetLastError=126)
LogWindows: File 'aqProf.dll' does not exist
LogWindows: Failed to load 'VtuneApi.dll' (GetLastError=126)
LogWindows: File 'VtuneApi.dll' does not exist
LogWindows: Failed to load 'VtuneApi32e.dll' (GetLastError=126)
LogWindows: File 'VtuneApi32e.dll' does not exist
LogConsoleResponse: Display: Failed to find resolution value strings in scalability ini. Falling back to default.
LogInit: Display: Running engine for game: Frezze
LogPakFile: Registered encryption key '00000000000000000000000000000000': 0 pak files mounted, 0 remain pending
LogPlatformFile: Not using cached read wrapper
LogTaskGraph: Started task graph with 5 named threads and 23 total threads with 3 sets of task threads.
LogStats: Stats thread started at 0.273348
LogD3D11RHI: Loaded GFSDK_Aftermath_Lib.x64.dll
LogICUInternationalization: ICU TimeZone Detection - Raw Offset: +9:00, Platform Override: ''
LogPluginManager: Mounting plugin Paper2D
LogPluginManager: Mounting plugin AISupport
LogPluginManager: Mounting plugin LightPropagationVolume
LogPluginManager: Mounting plugin ActorLayerUtilities
LogPluginManager: Mounting plugin AnimationSharing
LogPluginManager: Mounting plugin CLionSourceCodeAccess
LogPluginManager: Mounting plugin CodeLiteSourceCodeAccess
LogPluginManager: Mounting plugin GitSourceControl
LogPluginManager: Mounting plugin KDevelopSourceCodeAccess
LogPluginManager: Mounting plugin NullSourceCodeAccess
LogPluginManager: Mounting plugin PerforceSourceControl
LogPluginManager: Mounting plugin SubversionSourceControl
LogPluginManager: Mounting plugin UObjectPlugin
LogPluginManager: Mounting plugin VisualStudioCodeSourceCodeAccess
LogPluginManager: Mounting plugin VisualStudioSourceCodeAccess
LogPluginManager: Mounting plugin XCodeSourceCodeAccess
LogPluginManager: Mounting plugin AssetManagerEditor
LogPluginManager: Mounting plugin CryptoKeys
LogPluginManager: Mounting plugin DataValidation
LogPluginManager: Mounting plugin FacialAnimation
LogPluginManager: Mounting plugin GameplayTagsEditor
LogPluginManager: Mounting plugin MacGraphicsSwitching
LogPluginManager: Mounting plugin MaterialAnalyzer
LogPluginManager: Mounting plugin MobileLauncherProfileWizard
LogPluginManager: Mounting plugin PluginBrowser
LogPluginManager: Mounting plugin SpeedTreeImporter
LogPluginManager: Mounting plugin DatasmithContent
LogPluginManager: Mounting plugin VariantManagerContent
LogPluginManager: Mounting plugin AlembicImporter
LogPluginManager: Mounting plugin AppleImageUtils
LogPluginManager: Mounting plugin AppleVision
LogPluginManager: Mounting plugin BackChannel
LogPluginManager: Mounting plugin CharacterAI
LogPluginManager: Mounting plugin GeometryCache
LogPluginManager: Mounting plugin HTML5Networking
LogPluginManager: Mounting plugin ProxyLODPlugin
LogPluginManager: Mounting plugin SkeletalReduction
LogPluginManager: Mounting plugin MagicLeap
LogPluginManager: Mounting plugin MagicLeapMedia
LogPluginManager: Mounting plugin AndroidMedia
LogPluginManager: Mounting plugin AvfMedia
LogPluginManager: Mounting plugin ImgMedia
LogPluginManager: Mounting plugin LinearTimecode
LogPluginManager: Mounting plugin MediaCompositing
LogPluginManager: Mounting plugin MediaPlayerEditor
LogPluginManager: Mounting plugin WebMMedia
LogPluginManager: Mounting plugin WmfMedia
LogPluginManager: Mounting plugin TcpMessaging
LogPluginManager: Mounting plugin UdpMessaging
LogPluginManager: Mounting plugin ActorSequence
LogPluginManager: Mounting plugin LevelSequenceEditor
LogPluginManager: Mounting plugin MatineeToLevelSequence
LogPluginManager: Mounting plugin NetcodeUnitTest
LogPluginManager: Mounting plugin NUTUnrealEngine4
LogPluginManager: Mounting plugin OnlineSubsystemGooglePlay
LogPluginManager: Mounting plugin OnlineSubsystemIOS
LogPluginManager: Mounting plugin OnlineSubsystem
LogPluginManager: Mounting plugin OnlineSubsystemNull
LogPluginManager: Mounting plugin OnlineSubsystemUtils
LogPluginManager: Mounting plugin LauncherChunkInstaller
LogPluginManager: Mounting plugin AndroidDeviceProfileSelector
LogPluginManager: Mounting plugin AndroidMoviePlayer
LogPluginManager: Mounting plugin AndroidPermission
LogPluginManager: Mounting plugin AppleMoviePlayer
LogPluginManager: Mounting plugin ArchVisCharacter
LogPluginManager: Mounting plugin AudioCapture
LogPluginManager: Mounting plugin CableComponent
LogPluginManager: Mounting plugin CustomMeshComponent
LogPluginManager: Mounting plugin EditableMesh
LogPluginManager: Mounting plugin ExampleDeviceProfileSelector
LogPluginManager: Mounting plugin Firebase
LogPluginManager: Mounting plugin GoogleCloudMessaging
LogPluginManager: Mounting plugin IOSDeviceProfileSelector
LogPluginManager: Mounting plugin LinuxDeviceProfileSelector
LogPluginManager: Mounting plugin LocationServicesBPLibrary
LogPluginManager: Mounting plugin MobilePatchingUtils
LogPluginManager: Mounting plugin OculusVR
LogPluginManager: Mounting plugin PhysXVehicles
LogPluginManager: Mounting plugin ProceduralMeshComponent
LogPluginManager: Mounting plugin RuntimePhysXCooking
LogPluginManager: Mounting plugin SignificanceManager
LogPluginManager: Mounting plugin SteamVR
LogPluginManager: Mounting plugin WebMMoviePlayer
LogPluginManager: Mounting plugin WindowsMoviePlayer
LogInit: Using libcurl 7.55.1-DEV
LogInit:  - built for x86_64-pc-win32
LogInit:  - supports SSL with OpenSSL/1.1.1
LogInit:  - supports HTTP deflate (compression) using libz 1.2.8
LogInit:  - other features:
LogInit:      CURL_VERSION_SSL
LogInit:      CURL_VERSION_LIBZ
LogInit:      CURL_VERSION_IPV6
LogInit:      CURL_VERSION_ASYNCHDNS
LogInit:      CURL_VERSION_LARGEFILE
LogInit:      CURL_VERSION_IDN
LogInit:  CurlRequestOptions (configurable via config and command line):
LogInit:  - bVerifyPeer = true  - Libcurl will verify peer certificate
LogInit:  - bUseHttpProxy = false  - Libcurl will NOT use HTTP proxy
LogInit:  - bDontReuseConnections = false  - Libcurl will reuse connections
LogInit:  - MaxHostConnections = 16  - Libcurl will limit the number of connections to a host
LogInit:  - LocalHostAddr = Default
LogInit:  - BufferSize = 65536
LogInit: WinSock: version 1.1 (2.2), MaxSocks=32767, MaxUdp=65467
LogInit: Build: ++UE4+Release-4.22-CL-7053642
LogInit: Engine Version: 4.22.3-7053642+++UE4+Release-4.22
LogInit: Compatible Engine Version: 4.22.0-5660361+++UE4+Release-4.22
LogInit: Net CL: 5660361
LogInit: OS: Windows 10 (Release 1803) (), CPU: Intel(R) Core(TM) i7-7700K CPU @ 4.20GHz, GPU: NVIDIA GeForce GTX 1080
LogInit: Compiled (64-bit): Jun 18 2019 03:09:11
LogInit: Compiled with Visual C++: 19.16.27025.01
LogInit: Build Configuration: Development
LogInit: Branch Name: ++UE4+Release-4.22
LogInit: Command Line: 
LogInit: Base Directory: D:/UE_4.22/Engine/Binaries/Win64/
LogInit: Installed Engine Build: 1
LogDevObjectVersion: Number of dev versions registered: 23
LogDevObjectVersion:   Dev-Blueprints (B0D832E4-1F89-4F0D-ACCF-7EB736FD4AA2): 10
LogDevObjectVersion:   Dev-Build (E1C64328-A22C-4D53-A36C-8E866417BD8C): 0
LogDevObjectVersion:   Dev-Core (375EC13C-06E4-48FB-B500-84F0262A717E): 3
LogDevObjectVersion:   Dev-Editor (E4B068ED-F494-42E9-A231-DA0B2E46BB41): 30
LogDevObjectVersion:   Dev-Framework (CFFC743F-43B0-4480-9391-14DF171D2073): 35
LogDevObjectVersion:   Dev-Mobile (B02B49B5-BB20-44E9-A304-32B752E40360): 2
LogDevObjectVersion:   Dev-Networking (A4E4105C-59A1-49B5-A7C5-40C4547EDFEE): 0
LogDevObjectVersion:   Dev-Online (39C831C9-5AE6-47DC-9A44-9C173E1C8E7C): 0
LogDevObjectVersion:   Dev-Physics (78F01B33-EBEA-4F98-B9B4-84EACCB95AA2): 0
LogDevObjectVersion:   Dev-Platform (6631380F-2D4D-43E0-8009-CF276956A95A): 0
LogDevObjectVersion:   Dev-Rendering (12F88B9F-8875-4AFC-A67C-D90C383ABD29): 28
LogDevObjectVersion:   Dev-Sequencer (7B5AE74C-D270-4C10-A958-57980B212A5A): 11
LogDevObjectVersion:   Dev-VR (D7296918-1DD6-4BDD-9DE2-64A83CC13884): 2
LogDevObjectVersion:   Dev-LoadTimes (C2A15278-BFE7-4AFE-6C17-90FF531DF755): 1
LogDevObjectVersion:   Private-Geometry (6EACA3D4-40EC-4CC1-B786-8BED09428FC5): 3
LogDevObjectVersion:   Dev-AnimPhys (29E575DD-E0A3-4627-9D10-D276232CDCEA): 17
LogDevObjectVersion:   Dev-Anim (AF43A65D-7FD3-4947-9873-3E8ED9C1BB05): 2
LogDevObjectVersion:   Dev-ReflectionCapture (6B266CEC-1EC7-4B8F-A30B-E4D90942FC07): 1
LogDevObjectVersion:   Dev-Automation (0DF73D61-A23F-47EA-B727-89E90C41499A): 1
LogDevObjectVersion:   FortniteMain (601D1886-AC64-4F84-AA16-D3DE0DEAC7D6): 25
LogDevObjectVersion:   Dev-Enterprise (9DFFBCD6-494F-0158-E221-12823C92A888): 6
LogDevObjectVersion:   Dev-Niagara (F2AED0AC-9AFE-416F-8664-AA7FFA26D6FC): 1
LogDevObjectVersion:   Dev-Destruction (174F1F0B-B4C6-45A5-B13F-2EE8D0FB917D): 2
LogInit: Presizing for max 16777216 objects, including 0 objects not considered by GC, pre-allocating 0 bytes for permanent pool.
LogInit: Object subsystem initialized
LogConfig: Setting CVar [[con.DebugEarlyDefault:1]]
LogConfig: Setting CVar [[r.setres:1280x720]]
[2019.08.29-05.57.18:063][  0]LogConfig: Setting CVar [[r.VSync:0]]
[2019.08.29-05.57.18:063][  0]LogConfig: Setting CVar [[r.RHICmdBypass:0]]
[2019.08.29-05.57.18:063][  0]LogConfig: Applying CVar settings from Section [/Script/Engine.RendererSettings] File [D:/PuchiCon/FreezeMaster/Freeze/Saved/Config/Windows/Engine.ini]
[2019.08.29-05.57.18:063][  0]LogConfig: Setting CVar [[r.GPUCrashDebugging:0]]
[2019.08.29-05.57.18:063][  0]LogConfig: Applying CVar settings from Section [/Script/Engine.RendererOverrideSettings] File [D:/PuchiCon/FreezeMaster/Freeze/Saved/Config/Windows/Engine.ini]
[2019.08.29-05.57.18:063][  0]LogConfig: Applying CVar settings from Section [/Script/Engine.StreamingSettings] File [D:/PuchiCon/FreezeMaster/Freeze/Saved/Config/Windows/Engine.ini]
[2019.08.29-05.57.18:063][  0]LogConfig: Setting CVar [[s.MinBulkDataSizeForAsyncLoading:131072]]
[2019.08.29-05.57.18:063][  0]LogConfig: Setting CVar [[s.AsyncLoadingThreadEnabled:0]]
[2019.08.29-05.57.18:063][  0]LogConfig: Setting CVar [[s.EventDrivenLoaderEnabled:1]]
[2019.08.29-05.57.18:063][  0]LogConfig: Setting CVar [[s.WarnIfTimeLimitExceeded:0]]
[2019.08.29-05.57.18:063][  0]LogConfig: Setting CVar [[s.TimeLimitExceededMultiplier:1.5]]
[2019.08.29-05.57.18:063][  0]LogConfig: Setting CVar [[s.TimeLimitExceededMinTime:0.005]]
[2019.08.29-05.57.18:063][  0]LogConfig: Setting CVar [[s.UseBackgroundLevelStreaming:1]]
[2019.08.29-05.57.18:064][  0]LogConfig: Setting CVar [[s.PriorityAsyncLoadingExtraTime:15.0]]
[2019.08.29-05.57.18:064][  0]LogConfig: Setting CVar [[s.LevelStreamingActorsUpdateTimeLimit:5.0]]
[2019.08.29-05.57.18:064][  0]LogConfig: Setting CVar [[s.PriorityLevelStreamingActorsUpdateExtraTime:5.0]]
[2019.08.29-05.57.18:064][  0]LogConfig: Setting CVar [[s.LevelStreamingComponentsRegistrationGranularity:10]]
[2019.08.29-05.57.18:064][  0]LogConfig: Setting CVar [[s.UnregisterComponentsTimeLimit:1.0]]
[2019.08.29-05.57.18:064][  0]LogConfig: Setting CVar [[s.LevelStreamingComponentsUnregistrationGranularity:5]]
[2019.08.29-05.57.18:064][  0]LogConfig: Applying CVar settings from Section [/Script/Engine.GarbageCollectionSettings] File [D:/PuchiCon/FreezeMaster/Freeze/Saved/Config/Windows/Engine.ini]
[2019.08.29-05.57.18:064][  0]LogConfig: Setting CVar [[gc.MaxObjectsNotConsideredByGC:1]]
[2019.08.29-05.57.18:064][  0]LogConfig: Setting CVar [[gc.SizeOfPermanentObjectPool:0]]
[2019.08.29-05.57.18:064][  0]LogConfig: Setting CVar [[gc.FlushStreamingOnGC:0]]
[2019.08.29-05.57.18:064][  0]LogConfig: Setting CVar [[gc.NumRetriesBeforeForcingGC:10]]
[2019.08.29-05.57.18:064][  0]LogConfig: Setting CVar [[gc.AllowParallelGC:1]]
[2019.08.29-05.57.18:064][  0]LogConfig: Setting CVar [[gc.TimeBetweenPurgingPendingKillObjects:61.1]]
[2019.08.29-05.57.18:064][  0]LogConfig: Setting CVar [[gc.MaxObjectsInEditor:16777216]]
[2019.08.29-05.57.18:064][  0]LogConfig: Setting CVar [[gc.IncrementalBeginDestroyEnabled:1]]
[2019.08.29-05.57.18:064][  0]LogConfig: Setting CVar [[gc.CreateGCClusters:1]]
[2019.08.29-05.57.18:064][  0]LogConfig: Setting CVar [[gc.MinGCClusterSize:5]]
[2019.08.29-05.57.18:064][  0]LogConfig: Setting CVar [[gc.ActorClusteringEnabled:0]]
[2019.08.29-05.57.18:064][  0]LogConfig: Setting CVar [[gc.BlueprintClusteringEnabled:0]]
[2019.08.29-05.57.18:064][  0]LogConfig: Setting CVar [[gc.UseDisregardForGCOnDedicatedServers:0]]
[2019.08.29-05.57.18:064][  0]LogConfig: Applying CVar settings from Section [/Script/Engine.NetworkSettings] File [D:/PuchiCon/FreezeMaster/Freeze/Saved/Config/Windows/Engine.ini]
[2019.08.29-05.57.18:064][  0]LogConfig: Applying CVar settings from Section [/Script/UnrealEd.CookerSettings] File [D:/PuchiCon/FreezeMaster/Freeze/Saved/Config/Windows/Engine.ini]
[2019.08.29-05.57.18:070][  0]LogConfig: Applying CVar settings from Section [ViewDistanceQuality@3] File [D:/PuchiCon/FreezeMaster/Freeze/Saved/Config/Windows/Scalability.ini]
[2019.08.29-05.57.18:070][  0]LogConfig: Setting CVar [[r.SkeletalMeshLODBias:0]]
[2019.08.29-05.57.18:070][  0]LogConfig: Setting CVar [[r.ViewDistanceScale:1.0]]
[2019.08.29-05.57.18:070][  0]LogConfig: Applying CVar settings from Section [AntiAliasingQuality@3] File [D:/PuchiCon/FreezeMaster/Freeze/Saved/Config/Windows/Scalability.ini]
[2019.08.29-05.57.18:070][  0]LogConfig: Setting CVar [[r.PostProcessAAQuality:4]]
[2019.08.29-05.57.18:070][  0]LogConfig: Applying CVar settings from Section [ShadowQuality@3] File [D:/PuchiCon/FreezeMaster/Freeze/Saved/Config/Windows/Scalability.ini]
[2019.08.29-05.57.18:070][  0]LogConfig: Setting CVar [[r.LightFunctionQuality:1]]
[2019.08.29-05.57.18:070][  0]LogConfig: Setting CVar [[r.ShadowQuality:5]]
[2019.08.29-05.57.18:070][  0]LogConfig: Setting CVar [[r.Shadow.CSM.MaxCascades:10]]
[2019.08.29-05.57.18:070][  0]LogConfig: Setting CVar [[r.Shadow.MaxResolution:2048]]
[2019.08.29-05.57.18:070][  0]LogConfig: Setting CVar [[r.Shadow.MaxCSMResolution:2048]]
[2019.08.29-05.57.18:070][  0]LogConfig: Setting CVar [[r.Shadow.RadiusThreshold:0.01]]
[2019.08.29-05.57.18:070][  0]LogConfig: Setting CVar [[r.Shadow.DistanceScale:1.0]]
[2019.08.29-05.57.18:070][  0]LogConfig: Setting CVar [[r.Shadow.CSM.TransitionScale:1.0]]
[2019.08.29-05.57.18:070][  0]LogConfig: Setting CVar [[r.Shadow.PreShadowResolutionFactor:1.0]]
[2019.08.29-05.57.18:070][  0]LogConfig: Setting CVar [[r.DistanceFieldShadowing:1]]
[2019.08.29-05.57.18:070][  0]LogConfig: Setting CVar [[r.DistanceFieldAO:1]]
[2019.08.29-05.57.18:070][  0]LogConfig: Setting CVar [[r.AOQuality:2]]
[2019.08.29-05.57.18:070][  0]LogConfig: Setting CVar [[r.VolumetricFog:1]]
[2019.08.29-05.57.18:070][  0]LogConfig: Setting CVar [[r.VolumetricFog.GridPixelSize:8]]
[2019.08.29-05.57.18:070][  0]LogConfig: Setting CVar [[r.VolumetricFog.GridSizeZ:128]]
[2019.08.29-05.57.18:070][  0]LogConfig: Setting CVar [[r.VolumetricFog.HistoryMissSupersampleCount:4]]
[2019.08.29-05.57.18:070][  0]LogConfig: Setting CVar [[r.LightMaxDrawDistanceScale:1]]
[2019.08.29-05.57.18:070][  0]LogConfig: Setting CVar [[r.CapsuleShadows:1]]
[2019.08.29-05.57.18:070][  0]LogConfig: Applying CVar settings from Section [PostProcessQuality@3] File [D:/PuchiCon/FreezeMaster/Freeze/Saved/Config/Windows/Scalability.ini]
[2019.08.29-05.57.18:070][  0]LogConfig: Setting CVar [[r.MotionBlurQuality:4]]
[2019.08.29-05.57.18:070][  0]LogConfig: Setting CVar [[r.AmbientOcclusionMipLevelFactor:0.4]]
[2019.08.29-05.57.18:070][  0]LogConfig: Setting CVar [[r.AmbientOcclusionMaxQuality:100]]
[2019.08.29-05.57.18:070][  0]LogConfig: Setting CVar [[r.AmbientOcclusionLevels:-1]]
[2019.08.29-05.57.18:070][  0]LogConfig: Setting CVar [[r.AmbientOcclusionRadiusScale:1.0]]
[2019.08.29-05.57.18:070][  0]LogConfig: Setting CVar [[r.DepthOfFieldQuality:2]]
[2019.08.29-05.57.18:070][  0]LogConfig: Setting CVar [[r.RenderTargetPoolMin:400]]
[2019.08.29-05.57.18:070][  0]LogConfig: Setting CVar [[r.LensFlareQuality:2]]
[2019.08.29-05.57.18:070][  0]LogConfig: Setting CVar [[r.SceneColorFringeQuality:1]]
[2019.08.29-05.57.18:070][  0]LogConfig: Setting CVar [[r.EyeAdaptationQuality:2]]
[2019.08.29-05.57.18:070][  0]LogConfig: Setting CVar [[r.BloomQuality:5]]
[2019.08.29-05.57.18:070][  0]LogConfig: Setting CVar [[r.FastBlurThreshold:100]]
[2019.08.29-05.57.18:070][  0]LogConfig: Setting CVar [[r.Upscale.Quality:3]]
[2019.08.29-05.57.18:070][  0]LogConfig: Setting CVar [[r.Tonemapper.GrainQuantization:1]]
[2019.08.29-05.57.18:070][  0]LogConfig: Setting CVar [[r.LightShaftQuality:1]]
[2019.08.29-05.57.18:071][  0]LogConfig: Setting CVar [[r.Filter.SizeScale:1]]
[2019.08.29-05.57.18:071][  0]LogConfig: Setting CVar [[r.Tonemapper.Quality:5]]
[2019.08.29-05.57.18:071][  0]LogConfig: Setting CVar [[r.DOF.Gather.AccumulatorQuality:1        ; higher gathering accumulator quality]]
[2019.08.29-05.57.18:071][  0]LogConfig: Setting CVar [[r.DOF.Gather.PostfilterMethod:1          ; Median3x3 postfilering method]]
[2019.08.29-05.57.18:071][  0]LogConfig: Setting CVar [[r.DOF.Gather.EnableBokehSettings:0       ; no bokeh simulation when gathering]]
[2019.08.29-05.57.18:071][  0]LogConfig: Setting CVar [[r.DOF.Gather.RingCount:4                 ; medium number of samples when gathering]]
[2019.08.29-05.57.18:071][  0]LogConfig: Setting CVar [[r.DOF.Scatter.ForegroundCompositing:1    ; additive foreground scattering]]
[2019.08.29-05.57.18:071][  0]LogConfig: Setting CVar [[r.DOF.Scatter.BackgroundCompositing:2    ; additive background scattering]]
[2019.08.29-05.57.18:071][  0]LogConfig: Setting CVar [[r.DOF.Scatter.EnableBokehSettings:1      ; bokeh simulation when scattering]]
[2019.08.29-05.57.18:071][  0]LogConfig: Setting CVar [[r.DOF.Scatter.MaxSpriteRatio:0.1         ; only a maximum of 10% of scattered bokeh]]
[2019.08.29-05.57.18:071][  0]LogConfig: Setting CVar [[r.DOF.Recombine.Quality:1                ; cheap slight out of focus]]
[2019.08.29-05.57.18:071][  0]LogConfig: Setting CVar [[r.DOF.Recombine.EnableBokehSettings:0    ; no bokeh simulation on slight out of focus]]
[2019.08.29-05.57.18:071][  0]LogConfig: Setting CVar [[r.DOF.TemporalAAQuality:1                ; more stable temporal accumulation]]
[2019.08.29-05.57.18:071][  0]LogConfig: Setting CVar [[r.DOF.Kernel.MaxForegroundRadius:0.025]]
[2019.08.29-05.57.18:071][  0]LogConfig: Setting CVar [[r.DOF.Kernel.MaxBackgroundRadius:0.025]]
[2019.08.29-05.57.18:071][  0]LogConfig: Applying CVar settings from Section [TextureQuality@3] File [D:/PuchiCon/FreezeMaster/Freeze/Saved/Config/Windows/Scalability.ini]
[2019.08.29-05.57.18:071][  0]LogConfig: Setting CVar [[r.Streaming.MipBias:0]]
[2019.08.29-05.57.18:071][  0]LogConfig: Setting CVar [[r.Streaming.AmortizeCPUToGPUCopy:0]]
[2019.08.29-05.57.18:071][  0]LogConfig: Setting CVar [[r.Streaming.MaxNumTexturesToStreamPerFrame:0]]
[2019.08.29-05.57.18:071][  0]LogConfig: Setting CVar [[r.Streaming.Boost:1]]
[2019.08.29-05.57.18:071][  0]LogConfig: Setting CVar [[r.MaxAnisotropy:8]]
[2019.08.29-05.57.18:071][  0]LogConfig: Setting CVar [[r.Streaming.LimitPoolSizeToVRAM:0]]
[2019.08.29-05.57.18:071][  0]LogConfig: Setting CVar [[r.Streaming.PoolSize:1000]]
[2019.08.29-05.57.18:071][  0]LogConfig: Setting CVar [[r.Streaming.MaxEffectiveScreenSize:0]]
[2019.08.29-05.57.18:071][  0]LogConfig: Applying CVar settings from Section [EffectsQuality@3] File [D:/PuchiCon/FreezeMaster/Freeze/Saved/Config/Windows/Scalability.ini]
[2019.08.29-05.57.18:071][  0]LogConfig: Setting CVar [[r.TranslucencyLightingVolumeDim:64]]
[2019.08.29-05.57.18:071][  0]LogConfig: Setting CVar [[r.RefractionQuality:2]]
[2019.08.29-05.57.18:071][  0]LogConfig: Setting CVar [[r.SSR.Quality:3]]
[2019.08.29-05.57.18:071][  0]LogConfig: Setting CVar [[r.SceneColorFormat:4]]
[2019.08.29-05.57.18:071][  0]LogConfig: Setting CVar [[r.DetailMode:2]]
[2019.08.29-05.57.18:071][  0]LogConfig: Setting CVar [[r.TranslucencyVolumeBlur:1]]
[2019.08.29-05.57.18:071][  0]LogConfig: Setting CVar [[r.MaterialQualityLevel:1 ; High quality]]
[2019.08.29-05.57.18:071][  0]LogConfig: Setting CVar [[r.SSS.Scale:1]]
[2019.08.29-05.57.18:071][  0]LogConfig: Setting CVar [[r.SSS.SampleSet:2]]
[2019.08.29-05.57.18:071][  0]LogConfig: Setting CVar [[r.SSS.Quality:1]]
[2019.08.29-05.57.18:071][  0]LogConfig: Setting CVar [[r.SSS.HalfRes:1]]
[2019.08.29-05.57.18:071][  0]LogConfig: Setting CVar [[r.EmitterSpawnRateScale:1.0]]
[2019.08.29-05.57.18:071][  0]LogConfig: Setting CVar [[r.ParticleLightQuality:2]]
[2019.08.29-05.57.18:071][  0]LogConfig: Applying CVar settings from Section [FoliageQuality@3] File [D:/PuchiCon/FreezeMaster/Freeze/Saved/Config/Windows/Scalability.ini]
[2019.08.29-05.57.18:071][  0]LogConfig: Setting CVar [[foliage.DensityScale:1.0]]
[2019.08.29-05.57.18:071][  0]LogConfig: Setting CVar [[grass.DensityScale:1.0]]
[2019.08.29-05.57.18:072][  0]LogInit: Selected Device Profile: [Windows]
[2019.08.29-05.57.18:072][  0]LogInit: Applying CVar settings loaded from the selected device profile: [Windows]
[2019.08.29-05.57.18:100][  0]LogHAL: Display: Platform has ~ 32 GB [34292334592 / 34359738368 / 32], which maps to Largest [LargestMinGB=32, LargerMinGB=12, DefaultMinGB=8, SmallerMinGB=6, SmallestMinGB=0)
[2019.08.29-05.57.18:100][  0]LogConfig: Setting CVar [[r.Vulkan.UseRealUBs:0		; Required until we fix HLR fall-out]]
[2019.08.29-05.57.18:100][  0]LogInit: Going up to parent DeviceProfile []
[2019.08.29-05.57.18:100][  0]LogConfig: Applying CVar settings from Section [ViewDistanceQuality@3] File [D:/PuchiCon/FreezeMaster/Freeze/Saved/Config/Windows/Scalability.ini]
[2019.08.29-05.57.18:100][  0]LogConfig: Setting CVar [[r.SkeletalMeshLODBias:0]]
[2019.08.29-05.57.18:100][  0]LogConfig: Setting CVar [[r.ViewDistanceScale:1.0]]
[2019.08.29-05.57.18:100][  0]LogConfig: Applying CVar settings from Section [AntiAliasingQuality@3] File [D:/PuchiCon/FreezeMaster/Freeze/Saved/Config/Windows/Scalability.ini]
[2019.08.29-05.57.18:100][  0]LogConfig: Setting CVar [[r.PostProcessAAQuality:4]]
[2019.08.29-05.57.18:100][  0]LogConfig: Applying CVar settings from Section [ShadowQuality@3] File [D:/PuchiCon/FreezeMaster/Freeze/Saved/Config/Windows/Scalability.ini]
[2019.08.29-05.57.18:100][  0]LogConfig: Setting CVar [[r.LightFunctionQuality:1]]
[2019.08.29-05.57.18:100][  0]LogConfig: Setting CVar [[r.ShadowQuality:5]]
[2019.08.29-05.57.18:100][  0]LogConfig: Setting CVar [[r.Shadow.CSM.MaxCascades:10]]
[2019.08.29-05.57.18:100][  0]LogConfig: Setting CVar [[r.Shadow.MaxResolution:2048]]
[2019.08.29-05.57.18:100][  0]LogConfig: Setting CVar [[r.Shadow.MaxCSMResolution:2048]]
[2019.08.29-05.57.18:100][  0]LogConfig: Setting CVar [[r.Shadow.RadiusThreshold:0.01]]
[2019.08.29-05.57.18:100][  0]LogConfig: Setting CVar [[r.Shadow.DistanceScale:1.0]]
[2019.08.29-05.57.18:100][  0]LogConfig: Setting CVar [[r.Shadow.CSM.TransitionScale:1.0]]
[2019.08.29-05.57.18:100][  0]LogConfig: Setting CVar [[r.Shadow.PreShadowResolutionFactor:1.0]]
[2019.08.29-05.57.18:100][  0]LogConfig: Setting CVar [[r.DistanceFieldShadowing:1]]
[2019.08.29-05.57.18:100][  0]LogConfig: Setting CVar [[r.DistanceFieldAO:1]]
[2019.08.29-05.57.18:100][  0]LogConfig: Setting CVar [[r.AOQuality:2]]
[2019.08.29-05.57.18:100][  0]LogConfig: Setting CVar [[r.VolumetricFog:1]]
[2019.08.29-05.57.18:100][  0]LogConfig: Setting CVar [[r.VolumetricFog.GridPixelSize:8]]
[2019.08.29-05.57.18:100][  0]LogConfig: Setting CVar [[r.VolumetricFog.GridSizeZ:128]]
[2019.08.29-05.57.18:100][  0]LogConfig: Setting CVar [[r.VolumetricFog.HistoryMissSupersampleCount:4]]
[2019.08.29-05.57.18:100][  0]LogConfig: Setting CVar [[r.LightMaxDrawDistanceScale:1]]
[2019.08.29-05.57.18:100][  0]LogConfig: Setting CVar [[r.CapsuleShadows:1]]
[2019.08.29-05.57.18:100][  0]LogConfig: Applying CVar settings from Section [PostProcessQuality@3] File [D:/PuchiCon/FreezeMaster/Freeze/Saved/Config/Windows/Scalability.ini]
[2019.08.29-05.57.18:100][  0]LogConfig: Setting CVar [[r.MotionBlurQuality:4]]
[2019.08.29-05.57.18:100][  0]LogConfig: Setting CVar [[r.AmbientOcclusionMipLevelFactor:0.4]]
[2019.08.29-05.57.18:100][  0]LogConfig: Setting CVar [[r.AmbientOcclusionMaxQuality:100]]
[2019.08.29-05.57.18:100][  0]LogConfig: Setting CVar [[r.AmbientOcclusionLevels:-1]]
[2019.08.29-05.57.18:100][  0]LogConfig: Setting CVar [[r.AmbientOcclusionRadiusScale:1.0]]
[2019.08.29-05.57.18:100][  0]LogConfig: Setting CVar [[r.DepthOfFieldQuality:2]]
[2019.08.29-05.57.18:100][  0]LogConfig: Setting CVar [[r.RenderTargetPoolMin:400]]
[2019.08.29-05.57.18:100][  0]LogConfig: Setting CVar [[r.LensFlareQuality:2]]
[2019.08.29-05.57.18:100][  0]LogConfig: Setting CVar [[r.SceneColorFringeQuality:1]]
[2019.08.29-05.57.18:100][  0]LogConfig: Setting CVar [[r.EyeAdaptationQuality:2]]
[2019.08.29-05.57.18:100][  0]LogConfig: Setting CVar [[r.BloomQuality:5]]
[2019.08.29-05.57.18:100][  0]LogConfig: Setting CVar [[r.FastBlurThreshold:100]]
[2019.08.29-05.57.18:100][  0]LogConfig: Setting CVar [[r.Upscale.Quality:3]]
[2019.08.29-05.57.18:100][  0]LogConfig: Setting CVar [[r.Tonemapper.GrainQuantization:1]]
[2019.08.29-05.57.18:100][  0]LogConfig: Setting CVar [[r.LightShaftQuality:1]]
[2019.08.29-05.57.18:100][  0]LogConfig: Setting CVar [[r.Filter.SizeScale:1]]
[2019.08.29-05.57.18:100][  0]LogConfig: Setting CVar [[r.Tonemapper.Quality:5]]
[2019.08.29-05.57.18:100][  0]LogConfig: Setting CVar [[r.DOF.Gather.AccumulatorQuality:1        ; higher gathering accumulator quality]]
[2019.08.29-05.57.18:100][  0]LogConfig: Setting CVar [[r.DOF.Gather.PostfilterMethod:1          ; Median3x3 postfilering method]]
[2019.08.29-05.57.18:100][  0]LogConfig: Setting CVar [[r.DOF.Gather.EnableBokehSettings:0       ; no bokeh simulation when gathering]]
[2019.08.29-05.57.18:100][  0]LogConfig: Setting CVar [[r.DOF.Gather.RingCount:4                 ; medium number of samples when gathering]]
[2019.08.29-05.57.18:100][  0]LogConfig: Setting CVar [[r.DOF.Scatter.ForegroundCompositing:1    ; additive foreground scattering]]
[2019.08.29-05.57.18:100][  0]LogConfig: Setting CVar [[r.DOF.Scatter.BackgroundCompositing:2    ; additive background scattering]]
[2019.08.29-05.57.18:100][  0]LogConfig: Setting CVar [[r.DOF.Scatter.EnableBokehSettings:1      ; bokeh simulation when scattering]]
[2019.08.29-05.57.18:100][  0]LogConfig: Setting CVar [[r.DOF.Scatter.MaxSpriteRatio:0.1         ; only a maximum of 10% of scattered bokeh]]
[2019.08.29-05.57.18:100][  0]LogConfig: Setting CVar [[r.DOF.Recombine.Quality:1                ; cheap slight out of focus]]
[2019.08.29-05.57.18:101][  0]LogConfig: Setting CVar [[r.DOF.Recombine.EnableBokehSettings:0    ; no bokeh simulation on slight out of focus]]
[2019.08.29-05.57.18:101][  0]LogConfig: Setting CVar [[r.DOF.TemporalAAQuality:1                ; more stable temporal accumulation]]
[2019.08.29-05.57.18:101][  0]LogConfig: Setting CVar [[r.DOF.Kernel.MaxForegroundRadius:0.025]]
[2019.08.29-05.57.18:101][  0]LogConfig: Setting CVar [[r.DOF.Kernel.MaxBackgroundRadius:0.025]]
[2019.08.29-05.57.18:101][  0]LogConfig: Applying CVar settings from Section [TextureQuality@3] File [D:/PuchiCon/FreezeMaster/Freeze/Saved/Config/Windows/Scalability.ini]
[2019.08.29-05.57.18:101][  0]LogConfig: Setting CVar [[r.Streaming.MipBias:0]]
[2019.08.29-05.57.18:101][  0]LogConfig: Setting CVar [[r.Streaming.AmortizeCPUToGPUCopy:0]]
[2019.08.29-05.57.18:101][  0]LogConfig: Setting CVar [[r.Streaming.MaxNumTexturesToStreamPerFrame:0]]
[2019.08.29-05.57.18:101][  0]LogConfig: Setting CVar [[r.Streaming.Boost:1]]
[2019.08.29-05.57.18:101][  0]LogConfig: Setting CVar [[r.MaxAnisotropy:8]]
[2019.08.29-05.57.18:101][  0]LogConfig: Setting CVar [[r.Streaming.LimitPoolSizeToVRAM:0]]
[2019.08.29-05.57.18:101][  0]LogConfig: Setting CVar [[r.Streaming.PoolSize:1000]]
[2019.08.29-05.57.18:101][  0]LogConfig: Setting CVar [[r.Streaming.MaxEffectiveScreenSize:0]]
[2019.08.29-05.57.18:101][  0]LogConfig: Applying CVar settings from Section [EffectsQuality@3] File [D:/PuchiCon/FreezeMaster/Freeze/Saved/Config/Windows/Scalability.ini]
[2019.08.29-05.57.18:101][  0]LogConfig: Setting CVar [[r.TranslucencyLightingVolumeDim:64]]
[2019.08.29-05.57.18:101][  0]LogConfig: Setting CVar [[r.RefractionQuality:2]]
[2019.08.29-05.57.18:101][  0]LogConfig: Setting CVar [[r.SSR.Quality:3]]
[2019.08.29-05.57.18:101][  0]LogConfig: Setting CVar [[r.SceneColorFormat:4]]
[2019.08.29-05.57.18:101][  0]LogConfig: Setting CVar [[r.DetailMode:2]]
[2019.08.29-05.57.18:101][  0]LogConfig: Setting CVar [[r.TranslucencyVolumeBlur:1]]
[2019.08.29-05.57.18:101][  0]LogConfig: Setting CVar [[r.MaterialQualityLevel:1 ; High quality]]
[2019.08.29-05.57.18:101][  0]LogConfig: Setting CVar [[r.SSS.Scale:1]]
[2019.08.29-05.57.18:101][  0]LogConfig: Setting CVar [[r.SSS.SampleSet:2]]
[2019.08.29-05.57.18:101][  0]LogConfig: Setting CVar [[r.SSS.Quality:1]]
[2019.08.29-05.57.18:101][  0]LogConfig: Setting CVar [[r.SSS.HalfRes:1]]
[2019.08.29-05.57.18:101][  0]LogConfig: Setting CVar [[r.EmitterSpawnRateScale:1.0]]
[2019.08.29-05.57.18:101][  0]LogConfig: Setting CVar [[r.ParticleLightQuality:2]]
[2019.08.29-05.57.18:101][  0]LogConfig: Applying CVar settings from Section [FoliageQuality@3] File [D:/PuchiCon/FreezeMaster/Freeze/Saved/Config/Windows/Scalability.ini]
[2019.08.29-05.57.18:101][  0]LogConfig: Setting CVar [[foliage.DensityScale:1.0]]
[2019.08.29-05.57.18:101][  0]LogConfig: Setting CVar [[grass.DensityScale:1.0]]
[2019.08.29-05.57.18:101][  0]LogConfig: Applying CVar settings from Section [Startup] File [../../../Engine/Config/ConsoleVariables.ini]
[2019.08.29-05.57.18:104][  0]LogConfig: Setting CVar [[net.UseAdaptiveNetUpdateFrequency:0]]
[2019.08.29-05.57.18:104][  0]LogConfig: Setting CVar [[p.chaos.AllowCreatePhysxBodies:1]]
[2019.08.29-05.57.18:104][  0]LogConfig: Applying CVar settings from Section [ConsoleVariables] File [D:/PuchiCon/FreezeMaster/Freeze/Saved/Config/Windows/Engine.ini]
[2019.08.29-05.57.18:104][  0]LogInit: Computer: F53PC26
[2019.08.29-05.57.18:104][  0]LogInit: User: s172225
[2019.08.29-05.57.18:104][  0]LogInit: CPU Page size=4096, Cores=4
[2019.08.29-05.57.18:104][  0]LogInit: High frequency timer resolution =4.101556 MHz
[2019.08.29-05.57.18:104][  0]LogMemory: Memory total: Physical=31.9GB (32GB approx)
[2019.08.29-05.57.18:104][  0]LogMemory: Platform Memory Stats for Windows
[2019.08.29-05.57.18:104][  0]LogMemory: Process Physical Memory: 96.95 MB used, 96.95 MB peak
[2019.08.29-05.57.18:104][  0]LogMemory: Process Virtual Memory: 88.88 MB used, 88.88 MB peak
[2019.08.29-05.57.18:104][  0]LogMemory: Physical Memory: 7380.54 MB used,  25323.18 MB free, 32703.72 MB total
[2019.08.29-05.57.18:104][  0]LogMemory: Virtual Memory: 4659.20 MB used,  134213072.00 MB free, 134217728.00 MB total
[2019.08.29-05.57.18:138][  0]LogInit: Using OS detected language (ja-JP).
[2019.08.29-05.57.18:138][  0]LogInit: Using OS detected locale (ja-JP).
[2019.08.29-05.57.18:138][  0]LogTextLocalizationManager: No specific localization for 'ja-JP' exists, so the 'ja' localization will be used.
[2019.08.29-05.57.18:198][  0]LogInit: Setting process to per monitor DPI aware
[2019.08.29-05.57.18:245][  0]LogSlate: New Slate User Created.  User Index 0, Is Virtual User: 0
[2019.08.29-05.57.18:245][  0]LogSlate: Slate User Registered.  User Index 0, Is Virtual User: 0
[2019.08.29-05.57.19:290][  0]LogHMD: Failed to initialize OpenVR with code 110
[2019.08.29-05.57.19:290][  0]LogD3D11RHI: D3D11 adapters:
[2019.08.29-05.57.19:372][  0]LogD3D11RHI:    0. 'NVIDIA GeForce GTX 1080' (Feature Level 11_0)
[2019.08.29-05.57.19:372][  0]LogD3D11RHI:       8079/0/16351 MB DedicatedVideo/DedicatedSystem/SharedSystem, Outputs:1, VendorId:0x10de
[2019.08.29-05.57.19:375][  0]LogD3D11RHI:    1. 'Microsoft Basic Render Driver' (Feature Level 11_0)
[2019.08.29-05.57.19:375][  0]LogD3D11RHI:       0/0/16351 MB DedicatedVideo/DedicatedSystem/SharedSystem, Outputs:0, VendorId:0x1414
[2019.08.29-05.57.19:375][  0]LogD3D11RHI: Chosen D3D11 Adapter: 0
[2019.08.29-05.57.19:381][  0]LogD3D11RHI: Creating new Direct3DDevice
[2019.08.29-05.57.19:381][  0]LogD3D11RHI:     GPU DeviceId: 0x1b80 (for the marketing name, search the web for "GPU Device Id")
[2019.08.29-05.57.19:381][  0]LogWindows: EnumDisplayDevices:
[2019.08.29-05.57.19:381][  0]LogWindows:    0. 'NVIDIA GeForce GTX 1080' (P:1 D:1)
[2019.08.29-05.57.19:381][  0]LogWindows:    1. 'NVIDIA GeForce GTX 1080' (P:0 D:0)
[2019.08.29-05.57.19:381][  0]LogWindows:    2. 'NVIDIA GeForce GTX 1080' (P:0 D:0)
[2019.08.29-05.57.19:382][  0]LogWindows:    3. 'NVIDIA GeForce GTX 1080' (P:0 D:0)
[2019.08.29-05.57.19:382][  0]LogWindows: DebugString: FoundDriverCount:4 
[2019.08.29-05.57.19:382][  0]LogD3D11RHI:     Adapter Name: NVIDIA GeForce GTX 1080
[2019.08.29-05.57.19:382][  0]LogD3D11RHI:   Driver Version: 431.07 (internal:26.21.14.3107, unified:431.07)
[2019.08.29-05.57.19:382][  0]LogD3D11RHI:      Driver Date: 6-5-2019
[2019.08.29-05.57.19:382][  0]LogRHI: Texture pool is 5655 MB (70% of 8079 MB)
[2019.08.29-05.57.19:433][  0]LogD3D11RHI: Async texture creation enabled
[2019.08.29-05.57.19:436][  0]LogRendererCore: FGlobalReadBuffer::InitRHI
[2019.08.29-05.57.19:437][  0]LogRendererCore: FGlobalReadBuffer::InitRHI
[2019.08.29-05.57.19:437][  0]LogRendererCore: FGlobalReadBuffer::InitRHI
[2019.08.29-05.57.19:444][  0]LogD3D11RHI: GPU Timing Frequency: 1000.000000 (Debug: 2 1)
[2019.08.29-05.57.19:773][  0]LogTemp: Display: Module 'AllDesktopTargetPlatform' loaded TargetPlatform 'AllDesktop'
[2019.08.29-05.57.19:784][  0]LogTemp: Display: Module 'MacClientTargetPlatform' loaded TargetPlatform 'MacClient'
[2019.08.29-05.57.19:797][  0]LogTemp: Display: Module 'MacNoEditorTargetPlatform' loaded TargetPlatform 'MacNoEditor'
[2019.08.29-05.57.19:809][  0]LogTemp: Display: Module 'MacServerTargetPlatform' loaded TargetPlatform 'MacServer'
[2019.08.29-05.57.19:823][  0]LogTemp: Display: Module 'MacTargetPlatform' loaded TargetPlatform 'Mac'
[2019.08.29-05.57.19:836][  0]LogTemp: Display: Module 'WindowsClientTargetPlatform' loaded TargetPlatform 'WindowsClient'
[2019.08.29-05.57.19:850][  0]LogTemp: Display: Module 'WindowsNoEditorTargetPlatform' loaded TargetPlatform 'WindowsNoEditor'
[2019.08.29-05.57.19:862][  0]LogTemp: Display: Module 'WindowsServerTargetPlatform' loaded TargetPlatform 'WindowsServer'
[2019.08.29-05.57.19:867][  0]LogTemp: Display: Module 'WindowsTargetPlatform' loaded TargetPlatform 'Windows'
[2019.08.29-05.57.19:930][  0]LogTemp: Display: Module 'AndroidTargetPlatform' loaded TargetPlatform 'Android'
[2019.08.29-05.57.19:930][  0]LogTemp: Display: Module 'AndroidTargetPlatform' loaded TargetPlatform 'Android_ASTC'
[2019.08.29-05.57.19:930][  0]LogTemp: Display: Module 'AndroidTargetPlatform' loaded TargetPlatform 'Android_ATC'
[2019.08.29-05.57.19:930][  0]LogTemp: Display: Module 'AndroidTargetPlatform' loaded TargetPlatform 'Android_DXT'
[2019.08.29-05.57.19:930][  0]LogTemp: Display: Module 'AndroidTargetPlatform' loaded TargetPlatform 'Android_ETC1'
[2019.08.29-05.57.19:930][  0]LogTemp: Display: Module 'AndroidTargetPlatform' loaded TargetPlatform 'Android_ETC1a'
[2019.08.29-05.57.19:930][  0]LogTemp: Display: Module 'AndroidTargetPlatform' loaded TargetPlatform 'Android_ETC2'
[2019.08.29-05.57.19:930][  0]LogTemp: Display: Module 'AndroidTargetPlatform' loaded TargetPlatform 'Android_PVRTC'
[2019.08.29-05.57.19:930][  0]LogTemp: Display: Module 'AndroidTargetPlatform' loaded TargetPlatform 'AndroidClient'
[2019.08.29-05.57.19:930][  0]LogTemp: Display: Module 'AndroidTargetPlatform' loaded TargetPlatform 'Android_ASTCClient'
[2019.08.29-05.57.19:930][  0]LogTemp: Display: Module 'AndroidTargetPlatform' loaded TargetPlatform 'Android_ATCClient'
[2019.08.29-05.57.19:930][  0]LogTemp: Display: Module 'AndroidTargetPlatform' loaded TargetPlatform 'Android_DXTClient'
[2019.08.29-05.57.19:930][  0]LogTemp: Display: Module 'AndroidTargetPlatform' loaded TargetPlatform 'Android_ETC1Client'
[2019.08.29-05.57.19:930][  0]LogTemp: Display: Module 'AndroidTargetPlatform' loaded TargetPlatform 'Android_ETC1aClient'
[2019.08.29-05.57.19:930][  0]LogTemp: Display: Module 'AndroidTargetPlatform' loaded TargetPlatform 'Android_ETC2Client'
[2019.08.29-05.57.19:930][  0]LogTemp: Display: Module 'AndroidTargetPlatform' loaded TargetPlatform 'Android_PVRTCClient'
[2019.08.29-05.57.19:930][  0]LogTemp: Display: Module 'AndroidTargetPlatform' loaded TargetPlatform 'Android_Multi'
[2019.08.29-05.57.19:930][  0]LogTemp: Display: Module 'AndroidTargetPlatform' loaded TargetPlatform 'Android_MultiClient'
[2019.08.29-05.57.19:932][  0]LogTemp: Display: Module 'HTML5TargetPlatform' loaded TargetPlatform 'HTML5'
[2019.08.29-05.57.19:980][  0]LogTemp: Display: Module 'IOSTargetPlatform' loaded TargetPlatform 'IOSClient'
[2019.08.29-05.57.19:980][  0]LogTemp: Display: Module 'IOSTargetPlatform' loaded TargetPlatform 'IOS'
[2019.08.29-05.57.20:003][  0]LogTemp: Display: Module 'TVOSTargetPlatform' loaded TargetPlatform 'TVOSClient'
[2019.08.29-05.57.20:003][  0]LogTemp: Display: Module 'TVOSTargetPlatform' loaded TargetPlatform 'TVOS'
[2019.08.29-05.57.20:017][  0]LogTemp: Display: Module 'LinuxClientTargetPlatform' loaded TargetPlatform 'LinuxClient'
[2019.08.29-05.57.20:028][  0]LogTemp: Display: Module 'LinuxNoEditorTargetPlatform' loaded TargetPlatform 'LinuxNoEditor'
[2019.08.29-05.57.20:040][  0]LogTemp: Display: Module 'LinuxServerTargetPlatform' loaded TargetPlatform 'LinuxServer'
[2019.08.29-05.57.20:056][  0]LogTemp: Display: Module 'LinuxTargetPlatform' loaded TargetPlatform 'Linux'
[2019.08.29-05.57.20:100][  0]LogTemp: Display: Module 'LuminTargetPlatform' loaded TargetPlatform 'Lumin'
[2019.08.29-05.57.20:100][  0]LogTemp: Display: Module 'LuminTargetPlatform' loaded TargetPlatform 'LuminClient'
[2019.08.29-05.57.20:100][  0]LogTargetPlatformManager: Display: Building Assets For Windows
[2019.08.29-05.57.20:109][  0]LogAudioDebug: Display: Lib vorbis DLL was dynamically loaded.
[2019.08.29-05.57.20:154][  0]LogShaderCompilers: Guid format shader working directory is 7 characters bigger than the processId version (../../../../PuchiCon/FreezeMaster/Freeze/Intermediate/Shaders/WorkingDirectory/11064/).
[2019.08.29-05.57.20:154][  0]LogShaderCompilers: Cleaned the shader compiler working directory 'C:/Users/s172225/AppData/Local/Temp/UnrealShaderWorkingDir/34D4B3B74463AA4D2E181181B8141C39/'.
[2019.08.29-05.57.20:156][  0]LogXGEController: Cleaning working directory: C:/Users/s172225/AppData/Local/Temp/UnrealXGEWorkingDir/
[2019.08.29-05.57.20:156][  0]LogXGEController: Cannot use XGE Controller as Incredibuild is not installed on this machine.
[2019.08.29-05.57.20:156][  0]LogShaderCompilers: Cannot use XGE Shader Compiler as Incredibuild is not installed on this machine.
[2019.08.29-05.57.20:156][  0]LogShaderCompilers: Display: Using Local Shader Compiler.
[2019.08.29-05.57.21:581][  0]LogDerivedDataCache: Display: Max Cache Size: 512 MB
[2019.08.29-05.57.21:625][  0]LogDerivedDataCache: Loaded boot cache 0.04s 71MB C:/Users/s172225/AppData/Local/UnrealEngine/4.22/DerivedDataCache/Boot.ddc.
[2019.08.29-05.57.21:625][  0]LogDerivedDataCache: Display: Loaded Boot cache: C:/Users/s172225/AppData/Local/UnrealEngine/4.22/DerivedDataCache/Boot.ddc
[2019.08.29-05.57.21:625][  0]LogDerivedDataCache: FDerivedDataBackendGraph:  Pak pak cache file ../../../../PuchiCon/FreezeMaster/Freeze/DerivedDataCache/DDC.ddp not found, will not use a pak cache.
[2019.08.29-05.57.21:625][  0]LogDerivedDataCache: Unable to find inner node Pak for hierarchical cache Hierarchy.
[2019.08.29-05.57.21:625][  0]LogDerivedDataCache: FDerivedDataBackendGraph:  CompressedPak pak cache file ../../../../PuchiCon/FreezeMaster/Freeze/DerivedDataCache/Compressed.ddp not found, will not use a pak cache.
[2019.08.29-05.57.21:625][  0]LogDerivedDataCache: Unable to find inner node CompressedPak for hierarchical cache Hierarchy.
[2019.08.29-05.57.21:637][  0]LogDerivedDataCache: Display: Pak cache opened for reading ../../../Engine/DerivedDataCache/Compressed.ddp.
[2019.08.29-05.57.21:637][  0]LogDerivedDataCache: FDerivedDataBackendGraph:  EnterprisePak pak cache file ../../../Enterprise/DerivedDataCache/Compressed.ddp not found, will not use a pak cache.
[2019.08.29-05.57.21:637][  0]LogDerivedDataCache: Unable to find inner node EnterprisePak for hierarchical cache Hierarchy.
[2019.08.29-05.57.21:651][  0]LogDerivedDataCache: Using Local data cache path C:/Users/s172225/AppData/Local/UnrealEngine/Common/DerivedDataCache: Writable
[2019.08.29-05.57.21:651][  0]LogDerivedDataCache: Shared data cache path not found in *engine.ini, will not use an Shared cache.
[2019.08.29-05.57.21:651][  0]LogDerivedDataCache: Unable to find inner node Shared for hierarchical cache Hierarchy.
[2019.08.29-05.57.21:669][  0]LogMaterial: Verifying Global Shaders for PCD3D_SM5
[2019.08.29-05.57.21:670][  0]LogSlate: Using FreeType 2.6.0
[2019.08.29-05.57.21:674][  0]LogSlate: SlateFontServices - WITH_FREETYPE: 1, WITH_HARFBUZZ: 1
[2019.08.29-05.57.21:928][  0]LogAssetRegistry: FAssetRegistry took 0.0326 seconds to start up
[2019.08.29-05.57.22:237][  0]LogInit: Selected Device Profile: [Windows]
[2019.08.29-05.57.22:379][  0]LogMeshReduction: Using QuadricMeshReduction for automatic static mesh reduction
[2019.08.29-05.57.22:379][  0]LogMeshReduction: Using SimplygonMeshReduction for automatic skeletal mesh reduction
[2019.08.29-05.57.22:379][  0]LogMeshReduction: Using ProxyLODMeshReduction for automatic mesh merging
[2019.08.29-05.57.22:379][  0]LogMeshReduction: No distributed automatic mesh merging module available
[2019.08.29-05.57.22:379][  0]LogMeshMerging: No distributed automatic mesh merging module available
[2019.08.29-05.57.22:392][  0]LogNetVersion: Frezze 1.0.0, NetCL: 5660361, EngineNetVer: 10, GameNetVer: 0 (Checksum: 1481717962)
[2019.08.29-05.57.22:844][  0]LogPackageLocalizationCache: Processed 10 localized package path(s) for 1 prioritized culture(s) in 0.077648 seconds
[2019.08.29-05.57.22:851][  0]LogUObjectArray: 42205 objects as part of root set at end of initial load.
[2019.08.29-05.57.22:851][  0]LogUObjectAllocator: 7325032 out of 0 bytes used by permanent object pool.
[2019.08.29-05.57.22:851][  0]LogUObjectArray: CloseDisregardForGC: 0/0 objects in disregard for GC pool
[2019.08.29-05.57.25:309][  0]LogTcpMessaging: Initializing TcpMessaging bridge
[2019.08.29-05.57.25:324][  0]LogUdpMessaging: Initializing bridge on interface 0.0.0.0:0 to multicast group 230.0.0.1:6666.
[2019.08.29-05.57.25:434][  0]SourceControl: ソースコントロールは無効です
[2019.08.29-05.57.25:434][  0]SourceControl: ソースコントロールは無効です
[2019.08.29-05.57.25:436][  0]SourceControl: ソースコントロールは無効です
[2019.08.29-05.57.25:437][  0]SourceControl: ソースコントロールは無効です
[2019.08.29-05.57.25:445][  0]LogVSAccessor: Display: Unable to create Visual Studio setup instance: 80040154
[2019.08.29-05.57.25:445][  0]LogVSAccessor: Display: Unable to create Visual Studio setup instance: 80040154
[2019.08.29-05.57.25:548][  0]LogAndroidPermission: UAndroidPermissionCallbackProxy::GetInstance
[2019.08.29-05.57.25:625][  0]LogOcInput: OculusInput pre-init called
[2019.08.29-05.57.26:970][  0]LogEngine: Initializing Engine...
[2019.08.29-05.57.26:972][  0]LogHMD: Failed to initialize OpenVR with code 110
[2019.08.29-05.57.26:973][  0]LogStats: UGameplayTagsManager::InitializeManager -  0.000 s
[2019.08.29-05.57.27:195][  0]LogInit: Initializing FReadOnlyCVARCache
[2019.08.29-05.57.27:204][  0]LogAIModule: Creating AISystem for world Untitled
[2019.08.29-05.57.27:214][  0]LogInit: XAudio2 using 'PLE2483H (NVIDIA High Definition Audio)' : 2 channels at 48 kHz using 16 bits per sample (channel mask 0x3)
[2019.08.29-05.57.27:295][  0]LogInit: FAudioDevice initialized.
[2019.08.29-05.57.27:295][  0]LogNetVersion: Set ProjectVersion to 1.0.0.0. Version Checksum will be recalculated on next use.
[2019.08.29-05.57.27:363][  0]LogDerivedDataCache: Saved boot cache 0.07s 71MB C:/Users/s172225/AppData/Local/UnrealEngine/4.22/DerivedDataCache/Boot.ddc.
[2019.08.29-05.57.27:375][  0]LogInit: Texture streaming: Enabled
[2019.08.29-05.57.27:392][  0]LogEngineSessionManager: EngineSessionManager initialized
[2019.08.29-05.57.27:410][  0]LogInit: Transaction tracking system initialized
[2019.08.29-05.57.27:428][  0]BlueprintLog: New page: エディタの読み込み
[2019.08.29-05.57.27:504][  0]LocalizationService: ローカライズのサービスが無効になりました
[2019.08.29-05.57.27:649][  0]LogVSAccessor: Display: Unable to create Visual Studio setup instance: 80040154
[2019.08.29-05.57.27:650][  0]LogVSAccessor: Display: Unable to create Visual Studio setup instance: 80040154
[2019.08.29-05.57.27:843][  0]LogFileCache: Scanning file cache for directory 'D:/PuchiCon/FreezeMaster/Freeze/Content/' took 0.01s
[2019.08.29-05.57.27:843][  0]LogCook: Display: Max memory allowance for cook 16384mb min free memory 0mb
[2019.08.29-05.57.27:843][  0]LogCook: Display: Mobile HDR setting 1
[2019.08.29-05.57.27:989][  0]LogLinker: Warning: ファイル '/Engine/BasicShapes/Cube' が見つかりません
[2019.08.29-05.57.27:989][  0]LogLinker: Warning: ファイル '/Engine/BasicShapes/Cube' が見つかりません
[2019.08.29-05.57.27:989][  0]LogUObjectGlobals: Warning: オブジェクト 'StaticMesh /Engine/BasicShapes/Cube.Cube' が見つかりませんでした
[2019.08.29-05.57.28:089][  0]SourceControl: ソースコントロールは無効です
[2019.08.29-05.57.28:089][  0]Cmd: MAP LOAD FILE="../../../../PuchiCon/FreezeMaster/Freeze/Content/SideScrollerBP/Maps/SideScrollerExampleMap.umap" TEMPLATE=0 SHOWPROGRESS=1 FEATURELEVEL=3
[2019.08.29-05.57.28:090][  0]LightingResults: New page: ライティングのビルド
[2019.08.29-05.57.28:091][  0]MapCheck: New page: マップをチェック
[2019.08.29-05.57.28:091][  0]LightingResults: New page: ライティングのビルド
[2019.08.29-05.57.28:113][  0]LogUObjectHash: Compacting FUObjectHashTables data took   1.42ms
[2019.08.29-05.57.28:281][  0]LogLinker: Warning: ファイル '/Game/SideScrollerBP/Maps/SideScrollerExampleMap_BuiltData' が見つかりません
[2019.08.29-05.57.28:281][  0]LogLinker: Warning: NULL のロード中にアセット '/Game/SideScrollerBP/Maps/SideScrollerExampleMap_BuiltData'  のファイルが見つかりません
[2019.08.29-05.57.28:287][  0]LogLinker: Warning: ファイル '/Game/SideScrollerBP/Maps/SideScrollerExampleMap_BuiltData' が見つかりません
[2019.08.29-05.57.28:287][  0]LogLinker: Warning: NULL のロード中にアセット '/Game/SideScrollerBP/Maps/SideScrollerExampleMap_BuiltData'  のファイルが見つかりません
[2019.08.29-05.57.28:288][  0]LogLinker: Warning: ファイル '/Game/SideScrollerBP/Maps/SideScrollerExampleMap_BuiltData' が見つかりません
[2019.08.29-05.57.28:288][  0]LogLinker: Warning: NULL のロード中にアセット '/Game/SideScrollerBP/Maps/SideScrollerExampleMap_BuiltData'  のファイルが見つかりません
[2019.08.29-05.57.28:288][  0]LogLinker: Warning: ファイル '/Game/SideScrollerBP/Maps/SideScrollerExampleMap_BuiltData' が見つかりません
[2019.08.29-05.57.28:289][  0]LogLinker: Warning: NULL のロード中にアセット '/Game/SideScrollerBP/Maps/SideScrollerExampleMap_BuiltData'  のファイルが見つかりません
[2019.08.29-05.57.28:299][  0]LogLinker: Warning: ファイル '/Game/SideScrollerBP/Maps/SideScrollerExampleMap_BuiltData' が見つかりません
[2019.08.29-05.57.28:299][  0]LoadErrors: ロードに失敗しました /Game/SideScrollerBP/Maps/SideScrollerExampleMap_BuiltData.SideScrollerExampleMap_BuiltData 参照元 PersistentLevel
[2019.08.29-05.57.28:299][  0]LogLinker: Warning: NULL のロード中にアセット '/Game/SideScrollerBP/Maps/SideScrollerExampleMap_BuiltData'  のファイルが見つかりません
[2019.08.29-05.57.28:430][  0]LogAIModule: Creating AISystem for world SideScrollerExampleMap
[2019.08.29-05.57.28:469][  0]LogEditorServer: Finished looking for orphan Actors (0.000 secs)
[2019.08.29-05.57.28:492][  0]LogUObjectHash: Compacting FUObjectHashTables data took   1.69ms
[2019.08.29-05.57.28:492][  0]Cmd: MAP CHECKDEP NOCLEARLOG
[2019.08.29-05.57.28:492][  0]MapCheck: マップチェックが完了: 0 エラー、 0 警告、完了に 0.092ミリ秒かかりました。
[2019.08.29-05.57.28:492][  0]LogFileHelpers: Loading map 'SideScrollerExampleMap' took 0.403
[2019.08.29-05.57.28:591][  0]LogSlate: Updating window title bar state: overlay mode, drag disabled, window buttons hidden, title bar hidden
[2019.08.29-05.57.28:597][  0]LogSlate: Updating window title bar state: overlay mode, drag disabled, window buttons hidden, title bar hidden
[2019.08.29-05.57.28:603][  0]LogSlate: Updating window title bar state: overlay mode, drag disabled, window buttons hidden, title bar hidden
[2019.08.29-05.57.28:610][  0]LogSlate: Updating window title bar state: overlay mode, drag disabled, window buttons hidden, title bar hidden
[2019.08.29-05.57.28:618][  0]LogCollectionManager: Loaded 0 collections in 0.000621 seconds
[2019.08.29-05.57.28:659][  0]LogFileCache: Scanning file cache for directory 'D:/PuchiCon/FreezeMaster/Freeze/Saved/Collections/' took 0.01s
[2019.08.29-05.57.28:659][  0]LogFileCache: Scanning file cache for directory 'D:/PuchiCon/FreezeMaster/Freeze/Content/Developers/s172225/Collections/' took 0.01s
[2019.08.29-05.57.28:659][  0]LogFileCache: Scanning file cache for directory 'D:/PuchiCon/FreezeMaster/Freeze/Content/Collections/' took 0.01s
[2019.08.29-05.57.28:659][  0]LogCollectionManager: Rebuilt the GUID cache for 0 collections in 0.000001 seconds
[2019.08.29-05.57.28:666][  0]LogContentBrowser: Native class hierarchy populated in 0.0066 seconds. Added 2732 classes and 659 folders.
[2019.08.29-05.57.28:671][  0]LogContentBrowser: Native class hierarchy updated for 'WidgetCarousel' in 0.0002 seconds. Added 0 classes and 0 folders.
[2019.08.29-05.57.28:679][  0]LogPakFile: Registered encryption key '00000000000000000000000000000000': 0 pak files mounted, 0 remain pending
[2019.08.29-05.57.28:681][  0]LogPakFile: Registered encryption key '00000000000000000000000000000000': 0 pak files mounted, 0 remain pending
[2019.08.29-05.57.28:683][  0]LogPakFile: Registered encryption key '00000000000000000000000000000000': 0 pak files mounted, 0 remain pending
[2019.08.29-05.57.28:685][  0]LogPakFile: Registered encryption key '00000000000000000000000000000000': 0 pak files mounted, 0 remain pending
[2019.08.29-05.57.28:687][  0]LogPakFile: Registered encryption key '00000000000000000000000000000000': 0 pak files mounted, 0 remain pending
[2019.08.29-05.57.28:689][  0]LogPakFile: Registered encryption key '00000000000000000000000000000000': 0 pak files mounted, 0 remain pending
[2019.08.29-05.57.28:690][  0]LogPakFile: Registered encryption key '00000000000000000000000000000000': 0 pak files mounted, 0 remain pending
[2019.08.29-05.57.28:693][  0]LogPakFile: Registered encryption key '00000000000000000000000000000000': 0 pak files mounted, 0 remain pending
[2019.08.29-05.57.28:695][  0]LogPakFile: Registered encryption key '00000000000000000000000000000000': 0 pak files mounted, 0 remain pending
[2019.08.29-05.57.28:697][  0]LogPakFile: Registered encryption key '00000000000000000000000000000000': 0 pak files mounted, 0 remain pending
[2019.08.29-05.57.28:699][  0]LogPakFile: Registered encryption key '00000000000000000000000000000000': 0 pak files mounted, 0 remain pending
[2019.08.29-05.57.28:701][  0]LogPakFile: Registered encryption key '00000000000000000000000000000000': 0 pak files mounted, 0 remain pending
[2019.08.29-05.57.28:703][  0]LogPakFile: Registered encryption key '00000000000000000000000000000000': 0 pak files mounted, 0 remain pending
[2019.08.29-05.57.28:704][  0]LogPakFile: Registered encryption key '00000000000000000000000000000000': 0 pak files mounted, 0 remain pending
[2019.08.29-05.57.28:706][  0]LogPakFile: Registered encryption key '00000000000000000000000000000000': 0 pak files mounted, 0 remain pending
[2019.08.29-05.57.28:708][  0]LogPakFile: Registered encryption key '00000000000000000000000000000000': 0 pak files mounted, 0 remain pending
[2019.08.29-05.57.28:710][  0]LogPakFile: Registered encryption key '00000000000000000000000000000000': 0 pak files mounted, 0 remain pending
[2019.08.29-05.57.28:712][  0]LogPakFile: Registered encryption key '00000000000000000000000000000000': 0 pak files mounted, 0 remain pending
[2019.08.29-05.57.28:714][  0]LogPakFile: Registered encryption key '00000000000000000000000000000000': 0 pak files mounted, 0 remain pending
[2019.08.29-05.57.28:716][  0]LogPakFile: Registered encryption key '00000000000000000000000000000000': 0 pak files mounted, 0 remain pending
[2019.08.29-05.57.28:718][  0]LogPakFile: Registered encryption key '00000000000000000000000000000000': 0 pak files mounted, 0 remain pending
[2019.08.29-05.57.28:719][  0]LogPakFile: Registered encryption key '00000000000000000000000000000000': 0 pak files mounted, 0 remain pending
[2019.08.29-05.57.28:721][  0]LogPakFile: Registered encryption key '00000000000000000000000000000000': 0 pak files mounted, 0 remain pending
[2019.08.29-05.57.28:723][  0]LogPakFile: Registered encryption key '00000000000000000000000000000000': 0 pak files mounted, 0 remain pending
[2019.08.29-05.57.28:725][  0]LogPakFile: Registered encryption key '00000000000000000000000000000000': 0 pak files mounted, 0 remain pending
[2019.08.29-05.57.28:727][  0]LogPakFile: Registered encryption key '00000000000000000000000000000000': 0 pak files mounted, 0 remain pending
[2019.08.29-05.57.28:841][  0]LogContentBrowser: Native class hierarchy updated for 'AddContentDialog' in 0.0002 seconds. Added 0 classes and 0 folders.
[2019.08.29-05.57.28:845][  0]LogContentBrowser: Native class hierarchy updated for 'SceneOutliner' in 0.0002 seconds. Added 1 classes and 2 folders.
[2019.08.29-05.57.28:860][  0]LogSlate: Took 0.002208 seconds to synchronously load lazily loaded font '../../../Engine/Content/Slate/Fonts/Roboto-Regular.ttf' (155K)
[2019.08.29-05.57.28:863][  0]LogSlate: Took 0.001942 seconds to synchronously load lazily loaded font '../../../Engine/Content/Editor/Slate/Fonts/GenEiGothicPro-Regular.otf' (707K)
[2019.08.29-05.57.28:866][  0]LogSlate: Took 0.002454 seconds to synchronously load lazily loaded font '../../../Engine/Content/Editor/Slate/Fonts/GenEiGothicPro-Bold.otf' (698K)
[2019.08.29-05.57.28:868][  0]LogSlate: Took 0.001812 seconds to synchronously load lazily loaded font '../../../Engine/Content/Slate/Fonts/Roboto-Bold.ttf' (160K)
[2019.08.29-05.57.28:871][  0]LogSlate: Took 0.001665 seconds to synchronously load lazily loaded font '../../../Engine/Content/Editor/Slate/Fonts/FontAwesome.ttf' (139K)
[2019.08.29-05.57.28:944][  0]LogRenderer: Reallocating scene render targets to support 1208x572 Format 10 NumSamples 1 (Frame:1).
[2019.08.29-05.57.29:058][  0]LogContentBrowser: Native class hierarchy updated for 'HierarchicalLODOutliner' in 0.0003 seconds. Added 0 classes and 0 folders.
[2019.08.29-05.57.29:058][  0]LogLoad: (Engine Initialization) Total time: 13.26 seconds
[2019.08.29-05.57.29:058][  0]LogLoad: (Engine Initialization) Total Blueprint compile time: 0.00 seconds
[2019.08.29-05.57.29:076][  0]LogWindowsTextInputMethodSystem: Display: IME system now activated using TSF (Microsoft IME).
[2019.08.29-05.57.29:110][  0]LogAssetRegistry: Asset discovery search completed in 7.2037 seconds
[2019.08.29-05.57.29:112][  0]LogCollectionManager: Rebuilt the object cache for 0 collections in 0.000000 seconds (found 0 objects)
[2019.08.29-05.57.29:112][  0]LogCollectionManager: Fixed up redirectors for 0 collections in 0.000039 seconds (updated 0 objects)
[2019.08.29-05.57.29:114][  0]LogContentStreaming: Texture pool size now 1000 MB
[2019.08.29-05.57.29:122][  0]LogSlate: FSceneViewport::OnFocusLost() reason 2
[2019.08.29-05.57.29:156][  0]LogSlate: Took 0.002010 seconds to synchronously load lazily loaded font '../../../Engine/Content/Slate/Fonts/Roboto-Light.ttf' (167K)
[2019.08.29-05.57.29:167][  1]LogFileCache: Retrieving MD5 hashes for directory 'D:/PuchiCon/FreezeMaster/Freeze/Content/' took 0.08s
[2019.08.29-05.57.35:002][693]LogSlate: Window 'メッセージ ログ' being destroyed
[2019.08.29-05.57.35:005][693]LogSlate: Window 'メッセージ ログ' being destroyed
[2019.08.29-05.57.39:417][222]LogSlate: FSceneViewport::OnFocusLost() reason 0
[2019.08.29-05.57.39:558][239]MapCheck: New page: マップをチェック
[2019.08.29-05.57.39:574][239]Cmd: MAP REBUILD ALLVISIBLE
[2019.08.29-05.57.39:574][239]LogEditorServer: Rebuildmap Clear paths rebuilt
[2019.08.29-05.57.39:648][239]LogUObjectHash: Compacting FUObjectHashTables data took   1.20ms
[2019.08.29-05.57.39:676][239]LogMaterial: Display: Missing cached shader map for material DebugViewMode MaterialTexCoordScale, compiling. 
[2019.08.29-05.57.39:684][239]LogMaterial: Display: Missing cached shader map for material DebugViewMode MaterialTexCoordScale, compiling. 
[2019.08.29-05.57.39:690][239]LogMaterial: Display: Missing cached shader map for material DebugViewMode MaterialTexCoordScale, compiling. 
[2019.08.29-05.57.39:696][239]LogMaterial: Display: Missing cached shader map for material DebugViewMode MaterialTexCoordScale, compiling. 
[2019.08.29-05.57.39:702][239]LogMaterial: Display: Missing cached shader map for material DebugViewMode MaterialTexCoordScale, compiling. 
[2019.08.29-05.57.39:709][239]LogMaterial: Display: Missing cached shader map for material DebugViewMode MaterialTexCoordScale, compiling. 
[2019.08.29-05.57.39:717][239]LogMaterial: Display: Missing cached shader map for material DebugViewMode MaterialTexCoordScale, compiling. 
[2019.08.29-05.57.39:724][239]LogMaterial: Display: Missing cached shader map for material DebugViewMode MaterialTexCoordScale, compiling. 
[2019.08.29-05.57.39:732][239]LogMaterial: Display: Missing cached shader map for material DebugViewMode MaterialTexCoordScale, compiling. 
[2019.08.29-05.57.39:743][239]LogMaterial: Display: Missing cached shader map for material DebugViewMode MaterialTexCoordScale, compiling. 
[2019.08.29-05.57.39:754][239]LogMaterial: Display: Missing cached shader map for material DebugViewMode MaterialTexCoordScale, compiling. 
[2019.08.29-05.57.40:932][239]LogShaderCompilers: Display: Shaders left to compile 10
[2019.08.29-05.57.40:933][239]TextureStreamingBuild: Display: Compiling optional shaders took 1.263 seconds.
[2019.08.29-05.57.40:947][239]LogLevel: Display: Export Material TexCoord Scales took 0.014 seconds.
[2019.08.29-05.57.40:970][239]TextureStreamingBuild: Display: Build Texture Streaming took 0.023 seconds.
[2019.08.29-05.57.40:990][239]LogUObjectHash: Compacting FUObjectHashTables data took   0.50ms
[2019.08.29-05.57.40:990][239]LightingResults: New page: ライティングのビルド - 2019/08/29 23:57:40
[2019.08.29-05.57.41:046][239]LogSwarmInterface: [OpenConnection] Registering TCP channel ...
[2019.08.29-05.57.41:127][239]LogSwarmInterface: [OpenConnection] Connecting to agent ...
[2019.08.29-05.57.41:143][239]LogSwarmInterface: [TryOpenConnection] Testing the Agent
[2019.08.29-05.57.42:659][239]LogSwarmInterface: [TryOpenConnection] Opening Connection to Agent
[2019.08.29-05.57.42:659][239]LogSwarmInterface: [TryOpenConnection] Local Process ID is 11064
[2019.08.29-05.57.47:977][239]LogStaticLightingSystem: Running Lightmass w/ ImmediateImport mode ENABLED
[2019.08.29-05.57.47:977][239]LogStaticLightingSystem: Running Lightmass w/ ImmediateProcess mode ENABLED
[2019.08.29-05.57.47:977][239]LogStaticLightingSystem: Running Lightmass w/ Sorting mode ENABLED
[2019.08.29-05.57.47:977][239]LogStaticLightingSystem: Running Lightmass w/ Mapping paddings ENABLED
[2019.08.29-05.57.47:977][239]LogStaticLightingSystem: Running Lightmass w/ Mapping debug paddings DISABLED
[2019.08.29-05.57.48:104][239]Cmd: MAP CHECK DONTDISPLAYDIALOG
[2019.08.29-05.57.48:104][239]MapCheck: New page: SideScrollerExampleMap - 2019/08/29 23:57:48
[2019.08.29-05.57.48:104][239]MapCheck: マップチェックが完了: 0 エラー、 0 警告、完了に 0.426ミリ秒かかりました。
[2019.08.29-05.57.48:127][239]LogEditorBuildUtils: Build time 0:08
[2019.08.29-05.57.48:240][243]LogUObjectHash: Compacting FUObjectHashTables data took   0.48ms
[2019.08.29-05.57.52:352][579]Job is a success!
[2019.08.29-05.57.52:435][581]LogSlate: Took 0.000659 seconds to synchronously load lazily loaded font '../../../Engine/Content/Slate/Fonts/Roboto-Light.ttf' (167K)
[2019.08.29-05.57.52:448][581]LogSlate: Took 0.002074 seconds to synchronously load lazily loaded font '../../../Engine/Content/Editor/Slate/Fonts/GenEiGothicPro-Light.otf' (713K)
[2019.08.29-05.57.52:486][581]LogVolumetricLightmapImport: Imported Volumetric Lightmap in 0.029s
[2019.08.29-05.57.52:486][581]LogVolumetricLightmapImport:      Indirection Texture 16x16x16 = 0.0Mb
[2019.08.29-05.57.52:486][581]LogVolumetricLightmapImport:      BrickData 220x5x5 = 0.2Mb (trimmed 0.0Mb due to 0.010000 MinBrickError)
[2019.08.29-05.57.52:486][581]LogVolumetricLightmapImport:      Bricks at Level
[2019.08.29-05.57.52:486][581]LogVolumetricLightmapImport:          0: 2.3% covering 100.0% of volume
[2019.08.29-05.57.52:486][581]LogVolumetricLightmapImport:          1: 9.1% covering 6.3% of volume
[2019.08.29-05.57.52:486][581]LogVolumetricLightmapImport:          2: 88.6% covering 1.0% of volume
[2019.08.29-05.57.53:076][581]LogTexture: Display: Building textures: SkyOcclusion0_1 (AutoDXT, 2048X1024)
[2019.08.29-05.57.53:076][581]LogTexture: Display: Building textures: HQ_Lightmap0_1 (AutoDXT, 2048X2048)
[2019.08.29-05.57.53:076][581]LogTexture: Display: Building textures: HQ_Lightmap0_2 (AutoDXT, 64X64)
[2019.08.29-05.57.53:076][581]LogTexture: Display: Building textures: LQ_Lightmap_0_2 (DXT1, 64X64)
[2019.08.29-05.57.53:076][581]LogTexture: Display: Building textures: LQ_Lightmap_0_1 (DXT1, 2048X2048)
[2019.08.29-05.57.53:076][581]LogTexture: Display: Building textures: SkyOcclusion0_2 (AutoDXT, 64X32)
[2019.08.29-05.57.53:107][581]Lightmass on F53PC26: 4.30 sec total, 100 ms importing, 2 ms setup, 1.10 sec photons, 3.05 sec processing, 0 ms extra exporting [4/4 mappings]. Threads: 21.2 sec total, 2.30 sec processing.
[2019.08.29-05.57.53:108][581]LogStaticLightingSystem: SideScrollerExampleMap_BuiltData storing lightmap data for 4 meshes in 2 LightmapResourceClusters (2.0 Meshes per cluster).
[2019.08.29-05.57.53:131][581]LogUObjectHash: Compacting FUObjectHashTables data took   0.50ms
[2019.08.29-05.57.53:137][581]LogStaticLightingSystem: Illumination: 12.1 sec (564 ms encoding lightmaps, 0 ms encoding shadowmaps)
[2019.08.29-05.57.53:137][581]LogStaticLightingSystem: Lightmap texture memory:  10.7 MB (10.7 MB streaming, 0.0 MB non-streaming), 4 textures
[2019.08.29-05.57.53:137][581]LogStaticLightingSystem: Shadowmap texture memory: 0.0 MB (0.0 MB streaming, 0.0 MB non-streaming), 0 textures
[2019.08.29-05.57.53:988][581]DumpUnbuiltLightIteractions
[2019.08.29-05.57.53:988][581]Lights with unbuilt interactions: 0
[2019.08.29-05.57.53:988][581]
[2019.08.29-05.57.53:988][581]Primitives with unbuilt interactions: 0
[2019.08.29-05.57.54:079][582]Cmd: MAP CHECK NOTIFYRESULTS
[2019.08.29-05.57.54:079][582]MapCheck: New page: SideScrollerExampleMap - 2019/08/29 23:57:54
[2019.08.29-05.57.54:079][582]MapCheck: マップチェックが完了: 0 エラー、 0 警告、完了に 0.511ミリ秒かかりました。
[2019.08.29-05.57.55:754][783]LogTemp: Repeating last play command: 選択ビューポート
[2019.08.29-05.57.55:768][783]LogBlueprintUserMessages: Early PlayInEditor Detection: Level '/Game/SideScrollerBP/Maps/SideScrollerExampleMap.SideScrollerExampleMap:PersistentLevel' has LevelScriptBlueprint '/Game/SideScrollerBP/Maps/SideScrollerExampleMap.SideScrollerExampleMap:PersistentLevel.SideScrollerExampleMap' with GeneratedClass '/Game/SideScrollerBP/Maps/SideScrollerExampleMap.SideScrollerExampleMap_C' with ClassGeneratedBy '/Game/SideScrollerBP/Maps/SideScrollerExampleMap.SideScrollerExampleMap:PersistentLevel.SideScrollerExampleMap'
[2019.08.29-05.57.55:768][783]LogPlayLevel: PlayLevel: No blueprints needed recompiling
[2019.08.29-05.57.55:768][783]PIE: New page: PIEセッション: SideScrollerExampleMap (2019/08/29 23:57:55)
[2019.08.29-05.57.55:780][783]LogPlayLevel: Creating play world package: /Game/SideScrollerBP/Maps/UEDPIE_0_SideScrollerExampleMap
[2019.08.29-05.57.55:803][783]LogPlayLevel: PIE: StaticDuplicateObject took: (0.022703s)
[2019.08.29-05.57.55:803][783]LogAIModule: Creating AISystem for world SideScrollerExampleMap
[2019.08.29-05.57.55:804][783]LogPlayLevel: PIE: World Init took: (0.000470s)
[2019.08.29-05.57.55:804][783]LogPlayLevel: PIE: Created PIE world by copying editor world from /Game/SideScrollerBP/Maps/SideScrollerExampleMap.SideScrollerExampleMap to /Game/SideScrollerBP/Maps/UEDPIE_0_SideScrollerExampleMap.SideScrollerExampleMap (0.023396s)
[2019.08.29-05.57.55:825][783]LogUObjectHash: Compacting FUObjectHashTables data took   1.08ms
[2019.08.29-05.57.55:832][783]LogInit: XAudio2 using 'PLE2483H (NVIDIA High Definition Audio)' : 2 channels at 48 kHz using 16 bits per sample (channel mask 0x3)
[2019.08.29-05.57.55:841][783]LogInit: FAudioDevice initialized.
[2019.08.29-05.57.55:882][783]LogLoad: Game class is 'SideScrollerGameMode_C'
[2019.08.29-05.57.55:886][783]LogWorld: Bringing World /Game/SideScrollerBP/Maps/UEDPIE_0_SideScrollerExampleMap.SideScrollerExampleMap up for play (max tick rate 0) at 2019.08.29-14.57.55
[2019.08.29-05.57.55:886][783]LogWorld: Bringing up level for play took: 0.003356
[2019.08.29-05.57.55:902][783]LogContentBrowser: Native class hierarchy updated for 'MovieSceneCapture' in 0.0003 seconds. Added 20 classes and 0 folders.
[2019.08.29-05.57.55:903][783]PIE: /Game/SideScrollerBP/Maps/UEDPIE_0_SideScrollerExampleMap 0.295のプレイ イン エディタの開始時間
[2019.08.29-05.57.55:903][783]LogBlueprintUserMessages: Late PlayInEditor Detection: Level '/Game/SideScrollerBP/Maps/SideScrollerExampleMap.SideScrollerExampleMap:PersistentLevel' has LevelScriptBlueprint '/Game/SideScrollerBP/Maps/SideScrollerExampleMap.SideScrollerExampleMap:PersistentLevel.SideScrollerExampleMap' with GeneratedClass '/Game/SideScrollerBP/Maps/SideScrollerExampleMap.SideScrollerExampleMap_C' with ClassGeneratedBy '/Game/SideScrollerBP/Maps/SideScrollerExampleMap.SideScrollerExampleMap:PersistentLevel.SideScrollerExampleMap'
[2019.08.29-05.58.02:786][606]LogLevel: Warning: Failed to find streaming level object associated with 'ResultMap'
[2019.08.29-05.58.02:806][607]LogNet: Browse: /Game/SideScrollerBP/Maps/ResultMap
[2019.08.29-05.58.02:807][607]LogLoad: LoadMap: /Game/SideScrollerBP/Maps/ResultMap
[2019.08.29-05.58.02:838][607]LogUObjectHash: Compacting FUObjectHashTables data took   1.17ms
[2019.08.29-05.58.02:841][607]LogLinker: Warning: ファイル '/Game/SideScrollerBP/Maps/ResultMap_BuiltData' が見つかりません
[2019.08.29-05.58.02:841][607]LogLinker: Warning: NULL のロード中にアセット '/Game/SideScrollerBP/Maps/ResultMap_BuiltData'  のファイルが見つかりません
[2019.08.29-05.58.02:844][607]LogLinker: Warning: ファイル '/Game/SideScrollerBP/Maps/ResultMap_BuiltData' が見つかりません
[2019.08.29-05.58.02:844][607]LogLinker: Warning: NULL のロード中にアセット '/Game/SideScrollerBP/Maps/ResultMap_BuiltData'  のファイルが見つかりません
[2019.08.29-05.58.02:845][607]LogLinker: Warning: ファイル '/Game/SideScrollerBP/Maps/ResultMap_BuiltData' が見つかりません
[2019.08.29-05.58.02:845][607]LogLinker: Warning: NULL のロード中にアセット '/Game/SideScrollerBP/Maps/ResultMap_BuiltData'  のファイルが見つかりません
[2019.08.29-05.58.02:845][607]LogLinker: Warning: ファイル '/Game/SideScrollerBP/Maps/ResultMap_BuiltData' が見つかりません
[2019.08.29-05.58.02:845][607]LogLinker: Warning: NULL のロード中にアセット '/Game/SideScrollerBP/Maps/ResultMap_BuiltData'  のファイルが見つかりません
[2019.08.29-05.58.02:847][607]LogLinker: Warning: ファイル '/Game/SideScrollerBP/Maps/ResultMap_BuiltData' が見つかりません
[2019.08.29-05.58.02:847][607]LoadErrors: ロードに失敗しました /Game/SideScrollerBP/Maps/ResultMap_BuiltData.ResultMap_BuiltData 参照元 PersistentLevel
[2019.08.29-05.58.02:847][607]LogLinker: Warning: NULL のロード中にアセット '/Game/SideScrollerBP/Maps/ResultMap_BuiltData'  のファイルが見つかりません
[2019.08.29-05.58.02:849][607]LogAIModule: Creating AISystem for world ResultMap
[2019.08.29-05.58.02:850][607]LogLoad: Game class is 'SideScrollerGameMode_C'
[2019.08.29-05.58.02:851][607]LogWorld: Bringing World /Game/SideScrollerBP/Maps/UEDPIE_0_ResultMap.ResultMap up for play (max tick rate 0) at 2019.08.29-14.58.02
[2019.08.29-05.58.02:851][607]LogWorld: Bringing up level for play took: 0.000822
[2019.08.29-05.58.02:913][607]LogLoad: Took 0.107124 seconds to LoadMap(/Game/SideScrollerBP/Maps/ResultMap)
[2019.08.29-05.58.03:437][666]LogSlate: FSceneViewport::OnFocusLost() reason 0
[2019.08.29-05.58.03:571][682]LogBlueprintUserMessages: Early EndPlayMap Detection: Level '/Game/SideScrollerBP/Maps/SideScrollerExampleMap.SideScrollerExampleMap:PersistentLevel' has LevelScriptBlueprint '/Game/SideScrollerBP/Maps/SideScrollerExampleMap.SideScrollerExampleMap:PersistentLevel.SideScrollerExampleMap' with GeneratedClass '/Game/SideScrollerBP/Maps/SideScrollerExampleMap.SideScrollerExampleMap_C' with ClassGeneratedBy '/Game/SideScrollerBP/Maps/SideScrollerExampleMap.SideScrollerExampleMap:PersistentLevel.SideScrollerExampleMap'
[2019.08.29-05.58.03:571][682]LogSlate: Updating window title bar state: overlay mode, drag disabled, window buttons hidden, title bar hidden
[2019.08.29-05.58.03:598][682]LogPlayLevel: Display: Shutting down PIE online subsystems
[2019.08.29-05.58.03:598][682]LogBlueprintUserMessages: Late EndPlayMap Detection: Level '/Game/SideScrollerBP/Maps/SideScrollerExampleMap.SideScrollerExampleMap:PersistentLevel' has LevelScriptBlueprint '/Game/SideScrollerBP/Maps/SideScrollerExampleMap.SideScrollerExampleMap:PersistentLevel.SideScrollerExampleMap' with GeneratedClass '/Game/SideScrollerBP/Maps/SideScrollerExampleMap.SideScrollerExampleMap_C' with ClassGeneratedBy '/Game/SideScrollerBP/Maps/SideScrollerExampleMap.SideScrollerExampleMap:PersistentLevel.SideScrollerExampleMap'
[2019.08.29-05.58.03:621][682]LogSlate: Updating window title bar state: overlay mode, drag disabled, window buttons hidden, title bar hidden
[2019.08.29-05.58.03:623][682]LogUObjectHash: Compacting FUObjectHashTables data took   1.15ms
[2019.08.29-05.58.03:672][688]LogPlayLevel: Display: Destroying online subsystem :Context_1
[2019.08.29-05.58.12:491][745]LogSlate: FSceneViewport::OnFocusLost() reason 0
[2019.08.29-06.07.38:905][444]LogUObjectHash: Compacting FUObjectHashTables data took   0.75ms
[2019.08.29-06.07.39:116][444]LogSavePackage: Moving '../../../../PuchiCon/FreezeMaster/Freeze/Saved/SideScrollerExampleMap_Auto1867EDD624E520A5CCA166CB821C26C1F.tmp' to '../../../../PuchiCon/FreezeMaster/Freeze/Saved/Autosaves/Game/SideScrollerBP/Maps/SideScrollerExampleMap_Auto1.umap'
[2019.08.29-06.07.39:121][444]LogFileHelpers: Editor autosave (incl. sublevels) for '/Game/SideScrollerBP/Maps/SideScrollerExampleMap' took 0.247
[2019.08.29-06.07.39:121][444]LogFileHelpers: Editor autosave (incl. sublevels) for all levels took 0.247
